TN:
SF:src\controllers\auth.controller.js
FN:96,(anonymous_0)
FN:233,(anonymous_1)
FN:306,(anonymous_2)
FN:344,(anonymous_3)
FN:378,(anonymous_4)
FN:413,(anonymous_5)
FN:454,(anonymous_6)
FN:515,(anonymous_7)
FN:563,(anonymous_8)
FN:583,(anonymous_9)
FN:615,(anonymous_10)
FN:722,(anonymous_11)
FN:727,(anonymous_12)
FNF:13
FNH:9
FNDA:2,(anonymous_0)
FNDA:0,(anonymous_1)
FNDA:4,(anonymous_2)
FNDA:2,(anonymous_3)
FNDA:5,(anonymous_4)
FNDA:2,(anonymous_5)
FNDA:2,(anonymous_6)
FNDA:0,(anonymous_7)
FNDA:3,(anonymous_8)
FNDA:1,(anonymous_9)
FNDA:0,(anonymous_10)
FNDA:1,(anonymous_11)
FNDA:0,(anonymous_12)
DA:1,13
DA:2,13
DA:11,13
DA:12,13
DA:13,13
DA:23,13
DA:24,13
DA:25,13
DA:26,13
DA:96,13
DA:97,2
DA:98,2
DA:99,2
DA:100,0
DA:101,0
DA:102,0
DA:103,0
DA:106,2
DA:107,2
DA:108,1
DA:109,1
DA:110,1
DA:111,0
DA:113,0
DA:114,0
DA:119,0
DA:120,0
DA:121,0
DA:129,0
DA:130,0
DA:138,0
DA:139,0
DA:141,0
DA:142,0
DA:143,0
DA:144,0
DA:145,0
DA:152,0
DA:233,13
DA:235,0
DA:236,0
DA:237,0
DA:238,0
DA:239,0
DA:240,0
DA:246,0
DA:247,0
DA:248,0
DA:249,0
DA:250,0
DA:251,0
DA:253,0
DA:256,0
DA:306,13
DA:307,4
DA:308,4
DA:309,4
DA:310,4
DA:311,0
DA:312,0
DA:314,0
DA:315,0
DA:316,0
DA:344,13
DA:345,2
DA:346,1
DA:378,13
DA:379,5
DA:380,1
DA:413,13
DA:414,2
DA:415,2
DA:416,1
DA:417,1
DA:454,13
DA:455,2
DA:456,2
DA:457,0
DA:463,0
DA:464,0
DA:515,13
DA:516,0
DA:517,0
DA:563,13
DA:564,3
DA:565,1
DA:583,13
DA:584,1
DA:585,1
DA:586,1
DA:615,13
DA:616,0
DA:617,0
DA:618,0
DA:619,0
DA:620,0
DA:624,0
DA:625,0
DA:626,0
DA:634,0
DA:637,0
DA:638,0
DA:641,0
DA:642,0
DA:647,0
DA:649,0
DA:651,0
DA:652,0
DA:654,0
DA:655,0
DA:664,0
DA:671,0
DA:722,13
DA:723,1
DA:724,1
DA:727,13
DA:728,0
DA:729,0
DA:732,13
LF:119
LH:52
BRDA:97,0,0,2
BRDA:97,0,1,0
BRDA:99,1,0,0
BRDA:99,1,1,2
BRDA:101,2,0,0
BRDA:101,2,1,0
BRDA:103,3,0,0
BRDA:103,3,1,0
BRDA:109,4,0,1
BRDA:109,4,1,0
BRDA:110,5,0,1
BRDA:110,5,1,0
BRDA:116,6,0,0
BRDA:116,6,1,0
BRDA:117,7,0,0
BRDA:117,7,1,0
BRDA:119,8,0,0
BRDA:119,8,1,0
BRDA:119,9,0,0
BRDA:119,9,1,0
BRDA:130,10,0,0
BRDA:130,10,1,0
BRDA:132,11,0,0
BRDA:132,11,1,0
BRDA:133,12,0,0
BRDA:133,12,1,0
BRDA:134,13,0,0
BRDA:134,13,1,0
BRDA:138,14,0,0
BRDA:138,14,1,0
BRDA:142,15,0,0
BRDA:142,15,1,0
BRDA:243,16,0,0
BRDA:243,16,1,0
BRDA:247,17,0,0
BRDA:247,17,1,0
BRDA:249,18,0,0
BRDA:249,18,1,0
BRDA:311,19,0,0
BRDA:311,19,1,0
BRDA:311,20,0,0
BRDA:311,20,1,0
BRDA:618,21,0,0
BRDA:618,21,1,0
BRDA:618,22,0,0
BRDA:618,22,1,0
BRDA:625,23,0,0
BRDA:625,23,1,0
BRDA:630,24,0,0
BRDA:630,24,1,0
BRDA:630,25,0,0
BRDA:630,25,1,0
BRDA:631,26,0,0
BRDA:631,26,1,0
BRDA:632,27,0,0
BRDA:632,27,1,0
BRDA:637,28,0,0
BRDA:637,28,1,0
BRDA:647,29,0,0
BRDA:647,29,1,0
BRDA:647,30,0,0
BRDA:647,30,1,0
BRDA:647,30,2,0
BRDA:652,31,0,0
BRDA:652,31,1,0
BRDA:657,32,0,0
BRDA:657,32,1,0
BRDA:660,33,0,0
BRDA:660,33,1,0
BRF:69
BRH:4
end_of_record
TN:
SF:src\controllers\candidate.controller.js
FN:46,(anonymous_0)
FN:54,(anonymous_1)
FN:104,(anonymous_2)
FN:136,(anonymous_3)
FNF:4
FNH:2
FNDA:0,(anonymous_0)
FNDA:0,(anonymous_1)
FNDA:1,(anonymous_2)
FNDA:1,(anonymous_3)
DA:1,13
DA:2,13
DA:3,13
DA:4,13
DA:5,13
DA:46,13
DA:47,0
DA:48,0
DA:50,0
DA:51,0
DA:52,0
DA:53,0
DA:54,0
DA:55,0
DA:56,0
DA:57,0
DA:58,0
DA:60,0
DA:61,0
DA:63,0
DA:64,0
DA:65,0
DA:66,0
DA:67,0
DA:69,0
DA:70,0
DA:104,13
DA:105,1
DA:106,1
DA:107,0
DA:136,13
DA:137,1
DA:138,1
DA:140,13
LF:34
LH:13
BRDA:57,0,0,0
BRDA:57,0,1,0
BRDA:60,1,0,0
BRDA:60,1,1,0
BRF:4
BRH:0
end_of_record
TN:
SF:src\controllers\employerData.controller.js
FN:70,(anonymous_0)
FN:153,(anonymous_1)
FNF:2
FNH:0
FNDA:0,(anonymous_0)
FNDA:0,(anonymous_1)
DA:1,13
DA:2,13
DA:3,13
DA:70,13
DA:71,0
DA:72,0
DA:153,13
DA:155,0
DA:156,0
DA:157,0
DA:158,0
DA:159,0
DA:160,0
DA:161,0
DA:163,0
DA:164,0
DA:165,0
DA:166,0
DA:167,0
DA:168,0
DA:169,0
DA:171,0
DA:172,0
DA:173,0
DA:174,0
DA:175,0
DA:178,0
DA:180,0
DA:182,13
LF:29
LH:6
BRDA:157,0,0,0
BRDA:157,0,1,0
BRDA:163,1,0,0
BRDA:163,1,1,0
BRDA:171,2,0,0
BRDA:171,2,1,0
BRF:6
BRH:0
end_of_record
TN:
SF:src\controllers\health.controller.js
FN:18,(anonymous_0)
FNF:1
FNH:1
FNDA:1,(anonymous_0)
DA:1,13
DA:2,13
DA:3,13
DA:18,13
DA:19,1
DA:22,13
LF:6
LH:6
BRF:0
BRH:0
end_of_record
TN:
SF:src\controllers\index.js
FNF:0
FNH:0
DA:1,13
DA:2,13
DA:3,13
DA:4,13
DA:5,13
DA:6,13
DA:7,13
DA:8,13
DA:9,13
DA:10,13
DA:11,13
DA:12,13
DA:13,13
DA:14,13
DA:15,13
LF:15
LH:15
BRF:0
BRH:0
end_of_record
TN:
SF:src\controllers\interviewSchedule.controller.js
FN:93,(anonymous_0)
FN:128,(anonymous_1)
FN:204,(anonymous_2)
FN:207,(anonymous_3)
FN:211,(anonymous_4)
FN:216,(anonymous_5)
FN:248,(anonymous_6)
FN:254,(anonymous_7)
FN:262,(anonymous_8)
FN:333,(anonymous_9)
FNF:10
FNH:0
FNDA:0,(anonymous_0)
FNDA:0,(anonymous_1)
FNDA:0,(anonymous_2)
FNDA:0,(anonymous_3)
FNDA:0,(anonymous_4)
FNDA:0,(anonymous_5)
FNDA:0,(anonymous_6)
FNDA:0,(anonymous_7)
FNDA:0,(anonymous_8)
FNDA:0,(anonymous_9)
DA:1,13
DA:2,13
DA:3,13
DA:13,13
DA:14,13
DA:15,13
DA:16,13
DA:17,13
DA:18,13
DA:19,13
DA:93,13
DA:94,0
DA:96,0
DA:97,0
DA:99,0
DA:101,0
DA:102,0
DA:103,0
DA:118,0
DA:120,0
DA:121,0
DA:122,0
DA:123,0
DA:125,0
DA:128,13
DA:129,0
DA:130,0
DA:131,0
DA:132,0
DA:133,0
DA:135,0
DA:136,0
DA:137,0
DA:138,0
DA:139,0
DA:140,0
DA:141,0
DA:204,13
DA:205,0
DA:206,0
DA:208,0
DA:209,0
DA:212,0
DA:216,13
DA:217,0
DA:218,0
DA:248,13
DA:249,0
DA:250,0
DA:251,0
DA:254,13
DA:255,0
DA:256,0
DA:257,0
DA:258,0
DA:259,0
DA:262,13
DA:263,0
DA:264,0
DA:265,0
DA:333,13
DA:335,0
DA:336,0
DA:338,0
DA:339,0
DA:340,0
DA:342,0
DA:343,0
DA:346,13
LF:69
LH:19
BRDA:96,0,0,0
BRDA:96,0,1,0
BRDA:120,1,0,0
BRDA:120,1,1,0
BRDA:120,2,0,0
BRDA:120,2,1,0
BRDA:121,3,0,0
BRDA:121,3,1,0
BRDA:131,4,0,0
BRDA:131,4,1,0
BRDA:335,5,0,0
BRDA:335,5,1,0
BRDA:339,6,0,0
BRDA:339,6,1,0
BRF:14
BRH:0
end_of_record
TN:
SF:src\controllers\jobApplicant.controller.js
FN:48,(anonymous_0)
FN:99,(anonymous_1)
FN:151,(anonymous_2)
FN:200,(anonymous_3)
FN:276,(anonymous_4)
FN:357,(anonymous_5)
FN:410,(anonymous_6)
FN:462,(anonymous_7)
FNF:8
FNH:0
FNDA:0,(anonymous_0)
FNDA:0,(anonymous_1)
FNDA:0,(anonymous_2)
FNDA:0,(anonymous_3)
FNDA:0,(anonymous_4)
FNDA:0,(anonymous_5)
FNDA:0,(anonymous_6)
FNDA:0,(anonymous_7)
DA:1,13
DA:2,13
DA:3,13
DA:4,13
DA:5,13
DA:6,13
DA:7,13
DA:48,13
DA:49,0
DA:53,0
DA:54,0
DA:99,13
DA:100,0
DA:104,0
DA:151,13
DA:152,0
DA:156,0
DA:200,13
DA:201,0
DA:204,0
DA:205,0
DA:276,13
DA:277,0
DA:278,0
DA:279,0
DA:280,0
DA:282,0
DA:357,13
DA:358,0
DA:359,0
DA:360,0
DA:362,0
DA:410,13
DA:411,0
DA:412,0
DA:413,0
DA:415,0
DA:462,13
DA:463,0
DA:464,0
DA:467,13
LF:41
LH:16
BRDA:49,0,0,0
BRDA:49,0,1,0
BRDA:100,1,0,0
BRDA:100,1,1,0
BRDA:201,2,0,0
BRDA:201,2,1,0
BRDA:278,3,0,0
BRDA:278,3,1,0
BRDA:412,4,0,0
BRDA:412,4,1,0
BRF:10
BRH:0
end_of_record
TN:
SF:src\controllers\jobOpenings.controller.js
FN:98,(anonymous_0)
FN:237,(anonymous_1)
FN:304,(anonymous_2)
FN:409,(anonymous_3)
FN:443,(anonymous_4)
FN:580,(anonymous_5)
FN:673,(anonymous_6)
FNF:7
FNH:2
FNDA:0,(anonymous_0)
FNDA:1,(anonymous_1)
FNDA:1,(anonymous_2)
FNDA:0,(anonymous_3)
FNDA:0,(anonymous_4)
FNDA:0,(anonymous_5)
FNDA:0,(anonymous_6)
DA:1,13
DA:2,13
DA:3,13
DA:4,13
DA:5,13
DA:6,13
DA:7,13
DA:8,13
DA:98,13
DA:99,0
DA:100,0
DA:237,13
DA:238,1
DA:261,1
DA:262,1
DA:264,0
DA:266,1
DA:267,1
DA:268,1
DA:269,1
DA:270,1
DA:304,13
DA:306,1
DA:307,0
DA:309,1
DA:310,1
DA:312,0
DA:313,0
DA:315,0
DA:316,0
DA:318,0
DA:321,0
DA:409,13
DA:410,0
DA:411,0
DA:443,13
DA:444,0
DA:445,0
DA:580,13
DA:581,0
DA:582,0
DA:583,0
DA:585,0
DA:586,0
DA:587,0
DA:673,13
DA:674,0
DA:675,0
DA:677,0
DA:679,0
DA:680,0
DA:681,0
DA:683,13
LF:53
LH:27
BRDA:261,0,0,1
BRDA:261,0,1,0
BRDA:306,1,0,0
BRDA:306,1,1,1
BRDA:312,2,0,0
BRDA:312,2,1,0
BRDA:582,3,0,0
BRDA:582,3,1,0
BRDA:675,4,0,0
BRDA:675,4,1,0
BRDA:675,5,0,0
BRDA:675,5,1,0
BRF:12
BRH:2
end_of_record
TN:
SF:src\controllers\jobRole.controller.js
FN:49,(anonymous_0)
FN:118,(anonymous_1)
FN:156,(anonymous_2)
FN:212,(anonymous_3)
FN:246,(anonymous_4)
FNF:5
FNH:5
FNDA:1,(anonymous_0)
FNDA:1,(anonymous_1)
FNDA:2,(anonymous_2)
FNDA:1,(anonymous_3)
FNDA:1,(anonymous_4)
DA:1,13
DA:2,13
DA:3,13
DA:4,13
DA:5,13
DA:6,13
DA:7,13
DA:8,13
DA:49,13
DA:50,1
DA:51,1
DA:118,13
DA:119,1
DA:120,1
DA:121,1
DA:122,1
DA:156,13
DA:157,2
DA:158,2
DA:159,1
DA:161,1
DA:212,13
DA:213,1
DA:214,1
DA:246,13
DA:247,1
DA:248,1
DA:251,13
LF:28
LH:28
BRDA:158,0,0,1
BRDA:158,0,1,1
BRF:2
BRH:2
end_of_record
TN:
SF:src\controllers\menuAccess.controller.js
FN:50,(anonymous_0)
FN:96,(anonymous_1)
FN:102,(anonymous_2)
FN:149,(anonymous_3)
FN:183,(anonymous_4)
FNF:5
FNH:5
FNDA:1,(anonymous_0)
FNDA:1,(anonymous_1)
FNDA:1,(anonymous_2)
FNDA:1,(anonymous_3)
FNDA:1,(anonymous_4)
DA:1,13
DA:2,13
DA:3,13
DA:4,13
DA:5,13
DA:50,13
DA:51,1
DA:52,1
DA:53,1
DA:54,1
DA:96,13
DA:97,1
DA:98,1
DA:99,1
DA:102,1
DA:105,1
DA:149,13
DA:150,1
DA:151,1
DA:183,13
DA:184,1
DA:185,0
DA:188,13
LF:23
LH:22
BRF:0
BRH:0
end_of_record
TN:
SF:src\controllers\notification.controller.js
FN:61,(anonymous_0)
FN:65,(anonymous_1)
FNF:2
FNH:1
FNDA:1,(anonymous_0)
FNDA:0,(anonymous_1)
DA:1,13
DA:2,13
DA:3,13
DA:4,13
DA:5,13
DA:6,13
DA:61,13
DA:62,1
DA:63,1
DA:64,0
DA:65,0
DA:66,0
DA:67,0
DA:69,0
DA:70,0
DA:71,0
DA:73,0
DA:74,0
DA:75,0
DA:77,0
DA:78,0
DA:79,0
DA:80,0
DA:81,0
DA:83,0
DA:86,13
LF:26
LH:10
BRDA:70,0,0,0
BRDA:70,0,1,0
BRDA:74,1,0,0
BRDA:74,1,1,0
BRF:4
BRH:0
end_of_record
TN:
SF:src\controllers\organization.controller.js
FN:47,(anonymous_0)
FN:116,(anonymous_1)
FN:154,(anonymous_2)
FN:193,(anonymous_3)
FN:248,(anonymous_4)
FN:285,(anonymous_5)
FNF:6
FNH:6
FNDA:4,(anonymous_0)
FNDA:7,(anonymous_1)
FNDA:2,(anonymous_2)
FNDA:2,(anonymous_3)
FNDA:4,(anonymous_4)
FNDA:4,(anonymous_5)
DA:1,13
DA:2,13
DA:3,13
DA:4,13
DA:5,13
DA:6,13
DA:47,13
DA:48,4
DA:49,2
DA:116,13
DA:117,7
DA:118,7
DA:119,7
DA:120,7
DA:154,13
DA:155,2
DA:156,2
DA:157,1
DA:159,1
DA:193,13
DA:194,2
DA:195,2
DA:196,1
DA:198,1
DA:248,13
DA:249,4
DA:253,2
DA:285,13
DA:286,4
DA:287,2
DA:290,13
LF:31
LH:31
BRDA:156,0,0,1
BRDA:156,0,1,1
BRDA:195,1,0,1
BRDA:195,1,1,1
BRF:4
BRH:4
end_of_record
TN:
SF:src\controllers\pricingPlan.controller.js
FN:46,(anonymous_0)
FN:100,(anonymous_1)
FN:101,(anonymous_2)
FNF:3
FNH:0
FNDA:0,(anonymous_0)
FNDA:0,(anonymous_1)
FNDA:0,(anonymous_2)
DA:1,13
DA:2,13
DA:3,13
DA:4,13
DA:5,13
DA:46,13
DA:47,0
DA:48,0
DA:49,0
DA:50,0
DA:52,0
DA:53,0
DA:54,0
DA:55,0
DA:57,0
DA:100,13
DA:101,0
DA:102,0
DA:106,13
LF:19
LH:8
BRDA:49,0,0,0
BRDA:49,0,1,0
BRF:2
BRH:0
end_of_record
TN:
SF:src\controllers\resumes.controller.js
FN:15,(anonymous_0)
FN:20,(anonymous_1)
FN:54,(anonymous_2)
FN:65,(anonymous_3)
FN:128,(anonymous_4)
FN:135,(anonymous_5)
FN:144,(anonymous_6)
FN:151,(anonymous_7)
FN:162,(anonymous_8)
FN:207,(anonymous_9)
FN:297,(anonymous_10)
FN:307,(anonymous_11)
FN:318,(anonymous_12)
FN:323,(anonymous_13)
FN:363,(anonymous_14)
FN:365,(anonymous_15)
FN:368,(anonymous_16)
FN:409,(anonymous_17)
FN:416,(anonymous_18)
FN:467,(anonymous_19)
FN:502,(anonymous_20)
FN:510,(anonymous_21)
FN:512,(anonymous_22)
FN:528,(anonymous_23)
FN:534,(anonymous_24)
FN:536,(anonymous_25)
FNF:26
FNH:15
FNDA:1,(anonymous_0)
FNDA:2,(anonymous_1)
FNDA:1,(anonymous_2)
FNDA:2,(anonymous_3)
FNDA:2,(anonymous_4)
FNDA:2,(anonymous_5)
FNDA:1,(anonymous_6)
FNDA:2,(anonymous_7)
FNDA:1,(anonymous_8)
FNDA:1,(anonymous_9)
FNDA:2,(anonymous_10)
FNDA:0,(anonymous_11)
FNDA:0,(anonymous_12)
FNDA:0,(anonymous_13)
FNDA:1,(anonymous_14)
FNDA:45,(anonymous_15)
FNDA:9,(anonymous_16)
FNDA:0,(anonymous_17)
FNDA:0,(anonymous_18)
FNDA:0,(anonymous_19)
FNDA:3,(anonymous_20)
FNDA:0,(anonymous_21)
FNDA:0,(anonymous_22)
FNDA:0,(anonymous_23)
FNDA:0,(anonymous_24)
FNDA:0,(anonymous_25)
DA:1,13
DA:2,13
DA:3,13
DA:4,13
DA:5,13
DA:6,13
DA:7,13
DA:8,13
DA:9,13
DA:10,13
DA:11,13
DA:12,13
DA:13,13
DA:14,13
DA:15,13
DA:16,1
DA:17,1
DA:18,1
DA:20,13
DA:21,2
DA:22,1
DA:24,1
DA:25,1
DA:26,1
DA:27,1
DA:54,13
DA:55,1
DA:56,1
DA:58,1
DA:59,1
DA:60,0
DA:62,1
DA:65,13
DA:67,2
DA:68,0
DA:69,0
DA:71,2
DA:105,2
DA:107,2
DA:108,2
DA:110,0
DA:112,2
DA:113,2
DA:114,2
DA:115,2
DA:116,2
DA:117,0
DA:120,2
DA:121,0
DA:123,2
DA:128,13
DA:129,2
DA:130,2
DA:131,1
DA:133,1
DA:135,13
DA:136,2
DA:138,2
DA:139,1
DA:141,1
DA:144,13
DA:145,1
DA:146,1
DA:148,1
DA:149,1
DA:151,13
DA:152,2
DA:153,1
DA:154,1
DA:155,1
DA:156,1
DA:158,1
DA:162,13
DA:163,1
DA:164,0
DA:207,13
DA:208,1
DA:209,1
DA:210,1
DA:297,13
DA:298,2
DA:299,2
DA:301,2
DA:302,1
DA:304,1
DA:307,13
DA:312,0
DA:313,0
DA:314,0
DA:315,0
DA:316,0
DA:317,0
DA:318,0
DA:319,0
DA:320,0
DA:323,0
DA:324,0
DA:325,0
DA:327,0
DA:329,0
DA:330,0
DA:331,0
DA:332,0
DA:333,0
DA:334,0
DA:363,13
DA:364,1
DA:365,45
DA:367,1
DA:368,1
DA:369,9
DA:371,9
DA:374,1
DA:375,1
DA:409,13
DA:410,0
DA:411,0
DA:412,0
DA:413,0
DA:414,0
DA:415,0
DA:416,0
DA:417,0
DA:418,0
DA:419,0
DA:422,0
DA:423,0
DA:424,0
DA:425,0
DA:426,0
DA:428,0
DA:467,13
DA:468,0
DA:469,0
DA:502,13
DA:503,3
DA:504,3
DA:505,3
DA:506,2
DA:507,2
DA:508,0
DA:510,2
DA:511,0
DA:513,0
DA:528,13
DA:529,0
DA:530,0
DA:532,0
DA:534,0
DA:535,0
DA:537,0
DA:540,13
LF:152
LH:99
BRDA:17,0,0,1
BRDA:17,0,1,0
BRDA:21,1,0,1
BRDA:21,1,1,1
BRDA:21,2,0,2
BRDA:21,2,1,2
BRDA:25,3,0,1
BRDA:25,3,1,0
BRDA:25,4,0,1
BRDA:25,4,1,0
BRDA:26,5,0,1
BRDA:26,5,1,0
BRDA:55,6,0,1
BRDA:55,6,1,0
BRDA:58,7,0,1
BRDA:58,7,1,0
BRDA:67,8,0,0
BRDA:67,8,1,2
BRDA:107,9,0,2
BRDA:107,9,1,0
BRDA:116,10,0,0
BRDA:116,10,1,2
BRDA:116,11,0,2
BRDA:116,11,1,2
BRDA:120,12,0,0
BRDA:120,12,1,2
BRDA:130,13,0,1
BRDA:130,13,1,1
BRDA:138,14,0,1
BRDA:138,14,1,1
BRDA:148,15,0,1
BRDA:148,15,1,0
BRDA:152,16,0,1
BRDA:152,16,1,1
BRDA:152,17,0,2
BRDA:152,17,1,2
BRDA:155,18,0,1
BRDA:155,18,1,0
BRDA:301,19,0,1
BRDA:301,19,1,1
BRDA:315,20,0,0
BRDA:315,20,1,0
BRDA:319,21,0,0
BRDA:319,21,1,0
BRDA:324,22,0,0
BRDA:324,22,1,0
BRDA:330,23,0,0
BRDA:330,23,1,0
BRDA:365,24,0,45
BRDA:365,24,1,44
BRDA:365,24,2,43
BRDA:365,24,3,42
BRDA:369,25,0,4
BRDA:369,25,1,5
BRDA:413,26,0,0
BRDA:413,26,1,0
BRDA:418,27,0,0
BRDA:418,27,1,0
BRDA:422,28,0,0
BRDA:422,28,1,0
BRDA:507,29,0,0
BRDA:507,29,1,2
BRF:62
BRH:35
end_of_record
TN:
SF:src\controllers\systemRoles.controller.js
FN:47,(anonymous_0)
FN:116,(anonymous_1)
FN:154,(anonymous_2)
FN:193,(anonymous_3)
FN:248,(anonymous_4)
FN:282,(anonymous_5)
FNF:6
FNH:6
FNDA:3,(anonymous_0)
FNDA:1,(anonymous_1)
FNDA:1,(anonymous_2)
FNDA:1,(anonymous_3)
FNDA:2,(anonymous_4)
FNDA:2,(anonymous_5)
DA:1,13
DA:2,13
DA:3,13
DA:4,13
DA:5,13
DA:6,13
DA:47,13
DA:48,3
DA:49,1
DA:116,13
DA:117,1
DA:118,1
DA:119,1
DA:120,1
DA:154,13
DA:155,1
DA:156,1
DA:157,0
DA:159,1
DA:193,13
DA:194,1
DA:195,1
DA:196,0
DA:198,1
DA:248,13
DA:249,2
DA:250,2
DA:282,13
DA:283,2
DA:284,2
DA:287,13
LF:31
LH:29
BRDA:156,0,0,0
BRDA:156,0,1,1
BRDA:195,1,0,0
BRDA:195,1,1,1
BRF:4
BRH:2
end_of_record
TN:
SF:src\controllers\user.controller.js
FN:80,(anonymous_0)
FN:142,(anonymous_1)
FN:245,(anonymous_2)
FN:332,(anonymous_3)
FN:376,(anonymous_4)
FN:451,(anonymous_5)
FN:520,(anonymous_6)
FN:588,(anonymous_7)
FN:622,(anonymous_8)
FN:648,(anonymous_9)
FNF:10
FNH:7
FNDA:3,(anonymous_0)
FNDA:1,(anonymous_1)
FNDA:7,(anonymous_2)
FNDA:1,(anonymous_3)
FNDA:3,(anonymous_4)
FNDA:5,(anonymous_5)
FNDA:0,(anonymous_6)
FNDA:0,(anonymous_7)
FNDA:3,(anonymous_8)
FNDA:0,(anonymous_9)
DA:1,13
DA:2,13
DA:3,13
DA:4,13
DA:5,13
DA:6,13
DA:7,13
DA:8,13
DA:9,13
DA:80,13
DA:81,3
DA:82,3
DA:84,2
DA:86,1
DA:142,13
DA:143,1
DA:144,1
DA:145,0
DA:147,1
DA:148,1
DA:149,1
DA:150,1
DA:151,0
DA:152,0
DA:153,0
DA:154,0
DA:156,0
DA:157,0
DA:159,0
DA:245,13
DA:246,7
DA:250,7
DA:251,7
DA:252,7
DA:332,13
DA:333,1
DA:337,1
DA:338,1
DA:339,1
DA:340,1
DA:342,1
DA:343,1
DA:376,13
DA:377,3
DA:378,3
DA:379,1
DA:381,2
DA:451,13
DA:452,5
DA:453,5
DA:455,5
DA:456,4
DA:520,13
DA:521,0
DA:522,0
DA:524,0
DA:525,0
DA:588,13
DA:589,0
DA:590,0
DA:592,0
DA:593,0
DA:622,13
DA:623,3
DA:624,2
DA:648,13
DA:649,0
DA:650,0
DA:653,13
LF:69
LH:51
BRDA:144,0,0,0
BRDA:144,0,1,1
BRDA:154,1,0,0
BRDA:154,1,1,0
BRDA:339,2,0,1
BRDA:339,2,1,0
BRDA:340,3,0,1
BRDA:340,3,1,0
BRDA:377,4,0,3
BRDA:377,4,1,3
BRDA:378,5,0,1
BRDA:378,5,1,2
BRDA:453,6,0,0
BRDA:453,6,1,5
BRDA:522,7,0,0
BRDA:522,7,1,0
BRDA:590,8,0,0
BRDA:590,8,1,0
BRDA:592,9,0,0
BRDA:592,9,1,0
BRDA:649,10,0,0
BRDA:649,10,1,0
BRF:22
BRH:8
end_of_record
TN:
SF:src\docs\swaggerDef.js
FNF:0
FNH:0
DA:1,13
DA:3,13
DA:20,13
LF:3
LH:3
BRF:0
BRH:0
end_of_record
TN:
SF:src\middlewares\auth.js
FN:7,(anonymous_0)
FN:7,(anonymous_1)
FN:16,(anonymous_2)
FN:26,(anonymous_3)
FN:27,(anonymous_4)
FN:28,(anonymous_5)
FN:31,(anonymous_6)
FN:32,(anonymous_7)
FNF:8
FNH:8
FNDA:158,(anonymous_0)
FNDA:158,(anonymous_1)
FNDA:119,(anonymous_2)
FNDA:1023,(anonymous_3)
FNDA:158,(anonymous_4)
FNDA:158,(anonymous_5)
FNDA:116,(anonymous_6)
FNDA:42,(anonymous_7)
DA:1,13
DA:2,13
DA:3,13
DA:4,13
DA:5,13
DA:7,158
DA:8,158
DA:9,27
DA:11,131
DA:13,131
DA:14,119
DA:15,119
DA:16,119
DA:17,119
DA:18,15
DA:22,116
DA:26,13
DA:27,1023
DA:28,158
DA:29,158
DA:31,116
DA:32,42
DA:35,13
LF:23
LH:23
BRDA:8,0,0,27
BRDA:8,0,1,131
BRDA:8,1,0,158
BRDA:8,1,1,157
BRDA:8,1,2,132
BRDA:13,2,0,119
BRDA:13,2,1,12
BRDA:16,3,0,119
BRDA:16,3,1,117
BRDA:17,4,0,15
BRDA:17,4,1,104
BRDA:17,5,0,119
BRDA:17,5,1,25
BRF:13
BRH:13
end_of_record
TN:
SF:src\middlewares\error.js
FN:7,(anonymous_0)
FN:19,(anonymous_1)
FNF:2
FNH:2
FNDA:122,(anonymous_0)
FNDA:120,(anonymous_1)
DA:1,14
DA:2,14
DA:3,14
DA:4,14
DA:5,14
DA:7,14
DA:8,122
DA:9,122
DA:11,15
DA:12,15
DA:13,15
DA:15,122
DA:19,14
DA:20,120
DA:21,120
DA:22,1
DA:23,1
DA:26,120
DA:28,120
DA:34,120
DA:35,1
DA:38,120
DA:41,14
LF:23
LH:23
BRDA:9,0,0,15
BRDA:9,0,1,107
BRDA:11,1,0,5
BRDA:11,1,1,10
BRDA:11,2,0,15
BRDA:11,2,1,13
BRDA:12,3,0,15
BRDA:12,3,1,2
BRDA:21,4,0,1
BRDA:21,4,1,119
BRDA:21,5,0,120
BRDA:21,5,1,2
BRDA:31,6,0,120
BRDA:31,6,1,1
BRDA:34,7,0,1
BRDA:34,7,1,119
BRF:16
BRH:16
end_of_record
TN:
SF:src\middlewares\rateLimiter.js
FNF:0
FNH:0
DA:1,13
DA:3,13
DA:9,13
LF:3
LH:3
BRF:0
BRH:0
end_of_record
TN:
SF:src\middlewares\validate.js
FN:6,(anonymous_0)
FN:6,(anonymous_1)
FN:15,(anonymous_2)
FNF:3
FNH:3
FNDA:1001,(anonymous_0)
FNDA:142,(anonymous_1)
FNDA:39,(anonymous_2)
DA:1,13
DA:2,13
DA:3,13
DA:4,13
DA:6,1001
DA:7,142
DA:8,142
DA:10,142
DA:14,142
DA:15,39
DA:16,35
DA:18,107
DA:19,107
DA:22,13
LF:14
LH:14
BRDA:14,0,0,35
BRDA:14,0,1,107
BRF:2
BRH:2
end_of_record
TN:
SF:src\models\emailEnque.model.js
FNF:0
FNH:0
DA:1,15
DA:3,15
DA:52,15
DA:54,15
LF:4
LH:4
BRF:0
BRH:0
end_of_record
TN:
SF:src\models\index.js
FNF:0
FNH:0
DA:1,15
DA:2,15
DA:3,15
DA:4,15
DA:5,15
DA:6,15
DA:7,15
DA:8,15
DA:9,15
DA:10,15
DA:11,15
DA:12,15
DA:13,15
DA:14,15
DA:15,15
LF:15
LH:15
BRF:0
BRH:0
end_of_record
TN:
SF:src\models\interviewSchedule.model.js
FNF:0
FNH:0
DA:1,13
DA:2,13
DA:4,13
DA:73,13
DA:74,13
DA:76,13
DA:77,13
LF:7
LH:7
BRF:0
BRH:0
end_of_record
TN:
SF:src\models\jobApplicant.model.js
FN:56,(anonymous_0)
FNF:1
FNH:0
FNDA:0,(anonymous_0)
DA:1,15
DA:2,15
DA:4,15
DA:47,15
DA:48,15
DA:56,15
DA:57,0
DA:58,0
DA:64,15
DA:66,15
LF:10
LH:8
BRF:0
BRH:0
end_of_record
TN:
SF:src\models\jobOpenings.model.js
FN:4,getValue
FN:122,(anonymous_1)
FNF:2
FNH:0
FNDA:0,getValue
FNDA:0,(anonymous_1)
DA:1,15
DA:2,15
DA:5,0
DA:6,0
DA:8,0
DA:10,15
DA:114,15
DA:115,15
DA:122,15
DA:123,0
DA:124,0
DA:130,15
DA:132,15
LF:13
LH:8
BRDA:5,0,0,0
BRDA:5,0,1,0
BRF:2
BRH:0
end_of_record
TN:
SF:src\models\jobRole.model.js
FN:50,(anonymous_0)
FN:59,(anonymous_1)
FNF:2
FNH:1
FNDA:2,(anonymous_0)
FNDA:0,(anonymous_1)
DA:1,15
DA:2,15
DA:4,15
DA:40,15
DA:41,15
DA:50,15
DA:51,2
DA:52,2
DA:59,15
DA:60,0
DA:61,0
DA:67,15
DA:69,15
LF:13
LH:11
BRF:0
BRH:0
end_of_record
TN:
SF:src\models\kpi.model.js
FNF:0
FNH:0
DA:1,15
DA:2,15
DA:3,15
DA:5,15
DA:33,15
DA:34,15
DA:39,15
DA:41,15
LF:8
LH:8
BRF:0
BRH:0
end_of_record
TN:
SF:src\models\menuAccess.model.js
FNF:0
FNH:0
DA:1,15
DA:2,15
DA:4,15
DA:20,15
DA:21,15
DA:23,15
DA:24,15
LF:7
LH:7
BRF:0
BRH:0
end_of_record
TN:
SF:src\models\organization.model.js
FN:53,(anonymous_0)
FNF:1
FNH:1
FNDA:18,(anonymous_0)
DA:1,15
DA:2,15
DA:4,15
DA:44,15
DA:45,15
DA:53,15
DA:54,18
DA:55,18
DA:61,15
DA:63,15
LF:10
LH:10
BRF:0
BRH:0
end_of_record
TN:
SF:src\models\pricingPlanRules.model.js
FNF:0
FNH:0
DA:1,15
DA:2,15
DA:5,15
DA:36,15
DA:37,15
DA:42,15
DA:44,15
LF:7
LH:7
BRF:0
BRH:0
end_of_record
TN:
SF:src\models\pricingPlanUsageOrganization.model.js
FNF:0
FNH:0
DA:1,15
DA:2,15
DA:5,15
DA:26,15
DA:27,15
DA:31,15
DA:33,15
LF:7
LH:7
BRF:0
BRH:0
end_of_record
TN:
SF:src\models\pricingPlans.model.js
FNF:0
FNH:0
DA:1,15
DA:2,15
DA:5,15
DA:20,15
DA:21,15
DA:25,15
DA:27,15
LF:7
LH:7
BRF:0
BRH:0
end_of_record
TN:
SF:src\models\resume.model.js
FN:5,getValue
FN:24,(anonymous_1)
FN:122,(anonymous_2)
FNF:3
FNH:3
FNDA:28,getValue
FNDA:19,(anonymous_1)
FNDA:2,(anonymous_2)
DA:1,15
DA:2,15
DA:3,15
DA:6,28
DA:7,28
DA:9,0
DA:12,15
DA:25,19
DA:26,0
DA:112,15
DA:113,15
DA:122,15
DA:123,2
DA:126,2
DA:132,15
DA:134,15
LF:16
LH:14
BRDA:6,0,0,28
BRDA:6,0,1,0
BRDA:25,1,0,0
BRDA:25,1,1,19
BRDA:123,2,0,2
BRDA:123,2,1,0
BRF:6
BRH:3
end_of_record
TN:
SF:src\models\systemRole.model.js
FN:54,(anonymous_0)
FN:64,(anonymous_1)
FNF:2
FNH:2
FNDA:12,(anonymous_0)
FNDA:4,(anonymous_1)
DA:1,15
DA:2,15
DA:4,15
DA:45,15
DA:46,15
DA:54,15
DA:55,12
DA:56,12
DA:64,15
DA:65,4
DA:66,4
DA:72,15
DA:74,15
LF:13
LH:13
BRF:0
BRH:0
end_of_record
TN:
SF:src\models\token.model.js
FNF:0
FNH:0
DA:1,15
DA:2,15
DA:3,15
DA:5,15
DA:45,15
DA:50,15
DA:52,15
LF:7
LH:7
BRF:0
BRH:0
end_of_record
TN:
SF:src\models\uploadProfile.model.js
FNF:0
FNH:0
DA:1,15
DA:2,15
DA:4,15
DA:24,15
DA:29,15
DA:31,15
LF:6
LH:6
BRF:0
BRH:0
end_of_record
TN:
SF:src\models\user.model.js
FN:24,(anonymous_0)
FN:35,(anonymous_1)
FN:62,(anonymous_2)
FN:115,(anonymous_3)
FN:126,(anonymous_4)
FN:136,(anonymous_5)
FN:141,(anonymous_6)
FNF:7
FNH:6
FNDA:252,(anonymous_0)
FNDA:252,(anonymous_1)
FNDA:252,(anonymous_2)
FNDA:0,(anonymous_3)
FNDA:6,(anonymous_4)
FNDA:4,(anonymous_5)
FNDA:8,(anonymous_6)
DA:1,15
DA:2,15
DA:3,15
DA:4,15
DA:6,15
DA:25,252
DA:26,1
DA:36,252
DA:37,1
DA:63,252
DA:64,2
DA:107,15
DA:108,15
DA:115,15
DA:116,0
DA:117,0
DA:126,15
DA:127,6
DA:128,6
DA:136,15
DA:137,4
DA:138,4
DA:141,15
DA:142,8
DA:143,8
DA:144,3
DA:146,8
DA:152,15
DA:154,15
LF:29
LH:27
BRDA:25,0,0,1
BRDA:25,0,1,251
BRDA:36,1,0,1
BRDA:36,1,1,251
BRDA:63,2,0,2
BRDA:63,2,1,250
BRDA:63,3,0,252
BRDA:63,3,1,251
BRDA:143,4,0,3
BRDA:143,4,1,5
BRF:10
BRH:10
end_of_record
TN:
SF:src\models\plugins\index.js
FNF:0
FNH:0
DA:1,16
DA:2,16
LF:2
LH:2
BRF:0
BRH:0
end_of_record
TN:
SF:src\models\plugins\paginate.plugin.js
FN:3,(anonymous_0)
FN:22,(anonymous_1)
FN:29,(anonymous_2)
FN:57,(anonymous_3)
FN:62,(anonymous_4)
FN:69,(anonymous_5)
FNF:6
FNH:6
FNDA:195,(anonymous_0)
FNDA:25,(anonymous_1)
FNDA:25,(anonymous_2)
FNDA:2,(anonymous_3)
FNDA:1,(anonymous_4)
FNDA:25,(anonymous_5)
DA:3,17
DA:22,195
DA:23,25
DA:24,25
DA:25,20
DA:27,25
DA:28,24
DA:29,24
DA:30,25
DA:31,25
DA:33,24
DA:35,1
DA:38,25
DA:39,25
DA:40,25
DA:42,25
DA:43,25
DA:52,25
DA:53,24
DA:56,25
DA:57,2
DA:58,2
DA:62,1
DA:67,25
DA:69,25
DA:70,25
DA:71,25
DA:72,25
DA:79,25
DA:84,17
LF:30
LH:30
BRDA:22,0,0,0
BRDA:24,1,0,20
BRDA:24,1,1,5
BRDA:27,2,0,24
BRDA:27,2,1,1
BRDA:27,3,0,25
BRDA:27,3,1,24
BRDA:31,4,0,23
BRDA:31,4,1,2
BRDA:38,5,0,4
BRDA:38,5,1,21
BRDA:38,6,0,25
BRDA:38,6,1,24
BRDA:38,6,2,4
BRDA:39,7,0,3
BRDA:39,7,1,22
BRDA:39,8,0,25
BRDA:39,8,1,24
BRDA:39,8,2,3
BRDA:52,9,0,24
BRDA:52,9,1,1
BRDA:56,10,0,2
BRDA:56,10,1,23
BRDA:56,11,0,25
BRDA:56,11,1,24
BRF:25
BRH:24
end_of_record
TN:
SF:src\models\plugins\toJSON.plugin.js
FN:9,(anonymous_0)
FN:17,(anonymous_1)
FN:24,(anonymous_2)
FN:25,(anonymous_3)
FNF:4
FNH:4
FNDA:43,(anonymous_0)
FNDA:229,(anonymous_1)
FNDA:124,(anonymous_2)
FNDA:1647,(anonymous_3)
DA:9,16
DA:10,43
DA:11,41
DA:12,41
DA:14,2
DA:17,16
DA:19,229
DA:20,1
DA:23,229
DA:25,124
DA:26,1647
DA:27,41
DA:31,124
DA:32,124
DA:33,124
DA:34,124
DA:35,124
DA:37,124
DA:38,2
DA:44,16
LF:20
LH:20
BRDA:10,0,0,41
BRDA:10,0,1,2
BRDA:19,1,0,1
BRDA:19,1,1,228
BRDA:19,2,0,229
BRDA:19,2,1,59
BRDA:23,3,0,229
BRDA:23,3,1,170
BRDA:26,4,0,41
BRDA:26,4,1,1606
BRDA:26,5,0,1647
BRDA:26,5,1,1647
BRDA:37,6,0,2
BRDA:37,6,1,122
BRF:14
BRH:14
end_of_record
TN:
SF:src\routes\v1\auth.route.js
FNF:0
FNH:0
DA:1,13
DA:2,13
DA:3,13
DA:4,13
DA:5,13
DA:7,13
DA:9,13
DA:10,13
DA:11,13
DA:12,13
DA:13,13
DA:14,13
DA:15,13
DA:16,13
DA:17,13
DA:18,13
DA:19,13
DA:20,13
DA:21,13
DA:23,13
LF:20
LH:20
BRF:0
BRH:0
end_of_record
TN:
SF:src\routes\v1\candidate.route.js
FNF:0
FNH:0
DA:1,13
DA:2,13
DA:3,13
DA:4,13
DA:5,13
DA:7,13
DA:9,13
DA:17,13
DA:19,13
DA:21,13
LF:10
LH:10
BRF:0
BRH:0
end_of_record
TN:
SF:src\routes\v1\docs.route.js
FNF:0
FNH:0
DA:1,13
DA:2,13
DA:3,13
DA:4,13
DA:6,13
DA:8,13
DA:10,13
DA:14,13
DA:15,13
DA:22,13
LF:10
LH:10
BRF:0
BRH:0
end_of_record
TN:
SF:src\routes\v1\employerData.route.js
FNF:0
FNH:0
DA:1,13
DA:2,13
DA:3,13
DA:4,13
DA:5,13
DA:7,13
DA:10,13
DA:11,13
DA:13,13
LF:9
LH:9
BRF:0
BRH:0
end_of_record
TN:
SF:src\routes\v1\health.route.js
FNF:0
FNH:0
DA:1,13
DA:2,13
DA:4,13
DA:6,13
DA:8,13
LF:5
LH:5
BRF:0
BRH:0
end_of_record
TN:
SF:src\routes\v1\index.js
FN:96,(anonymous_0)
FNF:1
FNH:1
FNDA:208,(anonymous_0)
DA:1,13
DA:2,13
DA:3,13
DA:4,13
DA:5,13
DA:6,13
DA:7,13
DA:8,13
DA:9,13
DA:10,13
DA:11,13
DA:12,13
DA:13,13
DA:14,13
DA:15,13
DA:16,13
DA:17,13
DA:18,13
DA:19,13
DA:20,13
DA:21,13
DA:23,13
DA:25,13
DA:92,13
DA:96,13
DA:97,208
DA:108,13
DA:109,13
DA:111,13
LF:29
LH:29
BRF:0
BRH:0
end_of_record
TN:
SF:src\routes\v1\interviewSchedule.route.js
FNF:0
FNH:0
DA:1,13
DA:2,13
DA:3,13
DA:4,13
DA:5,13
DA:7,13
DA:9,13
DA:17,13
DA:19,13
DA:23,13
DA:27,13
DA:31,13
DA:35,13
DA:39,13
LF:14
LH:14
BRF:0
BRH:0
end_of_record
TN:
SF:src\routes\v1\jobApplicant.route.js
FNF:0
FNH:0
DA:1,13
DA:2,13
DA:3,13
DA:4,13
DA:5,13
DA:7,13
DA:10,13
DA:29,13
DA:38,13
DA:55,13
LF:10
LH:10
BRF:0
BRH:0
end_of_record
TN:
SF:src\routes\v1\jobOpening.route.js
FNF:0
FNH:0
DA:1,13
DA:2,13
DA:3,13
DA:4,13
DA:5,13
DA:7,13
DA:8,13
DA:12,13
DA:19,13
DA:21,13
DA:27,13
DA:33,13
LF:12
LH:12
BRF:0
BRH:0
end_of_record
TN:
SF:src\routes\v1\jobRole.route.js
FNF:0
FNH:0
DA:1,13
DA:2,13
DA:3,13
DA:4,13
DA:5,13
DA:7,13
DA:9,13
DA:14,13
DA:19,13
LF:9
LH:9
BRF:0
BRH:0
end_of_record
TN:
SF:src\routes\v1\menuAccess.route.js
FNF:0
FNH:0
DA:1,13
DA:2,13
DA:3,13
DA:4,13
DA:5,13
DA:7,13
DA:9,13
DA:16,13
LF:8
LH:8
BRF:0
BRH:0
end_of_record
TN:
SF:src\routes\v1\notification.route.js
FNF:0
FNH:0
DA:1,13
DA:2,13
DA:3,13
DA:4,13
DA:5,13
DA:7,13
DA:9,13
DA:17,13
LF:8
LH:8
BRF:0
BRH:0
end_of_record
TN:
SF:src\routes\v1\organization.route.js
FNF:0
FNH:0
DA:1,13
DA:2,13
DA:3,13
DA:4,13
DA:5,13
DA:7,13
DA:9,13
DA:18,13
DA:31,13
DA:39,13
LF:10
LH:10
BRF:0
BRH:0
end_of_record
TN:
SF:src\routes\v1\pricingplan.route.js
FNF:0
FNH:0
DA:1,13
DA:2,13
DA:3,13
DA:4,13
DA:5,13
DA:8,13
DA:10,13
DA:12,13
DA:14,13
LF:9
LH:9
BRF:0
BRH:0
end_of_record
TN:
SF:src\routes\v1\resumes.route.js
FNF:0
FNH:0
DA:1,13
DA:2,13
DA:3,13
DA:4,13
DA:5,13
DA:7,13
DA:9,13
DA:13,13
DA:15,13
DA:21,13
DA:22,13
DA:23,13
DA:24,13
DA:25,13
DA:26,13
DA:31,13
DA:35,13
DA:40,13
LF:18
LH:18
BRF:0
BRH:0
end_of_record
TN:
SF:src\routes\v1\systemRoles.route.js
FNF:0
FNH:0
DA:1,13
DA:2,13
DA:3,13
DA:4,13
DA:5,13
DA:7,13
DA:9,13
DA:14,13
DA:19,13
DA:23,13
LF:10
LH:10
BRF:0
BRH:0
end_of_record
TN:
SF:src\routes\v1\user.route.js
FNF:0
FNH:0
DA:1,13
DA:2,13
DA:3,13
DA:4,13
DA:5,13
DA:7,13
DA:9,13
DA:14,13
DA:19,13
DA:25,13
DA:31,13
LF:11
LH:11
BRF:0
BRH:0
end_of_record
TN:
SF:src\services\auth.service.js
FN:16,(anonymous_0)
FN:36,(anonymous_1)
FN:49,(anonymous_2)
FN:69,(anonymous_3)
FN:83,(anonymous_4)
FN:100,(anonymous_5)
FN:123,(anonymous_6)
FN:138,(anonymous_7)
FNF:8
FNH:5
FNDA:4,(anonymous_0)
FNDA:2,(anonymous_1)
FNDA:5,(anonymous_2)
FNDA:3,(anonymous_3)
FNDA:1,(anonymous_4)
FNDA:0,(anonymous_5)
FNDA:0,(anonymous_6)
FNDA:0,(anonymous_7)
DA:1,13
DA:2,13
DA:3,13
DA:4,13
DA:5,13
DA:6,13
DA:7,13
DA:8,13
DA:16,13
DA:17,4
DA:18,4
DA:19,2
DA:20,2
DA:21,2
DA:23,0
DA:24,0
DA:25,0
DA:26,0
DA:28,0
DA:36,13
DA:37,2
DA:38,2
DA:39,1
DA:41,1
DA:49,13
DA:50,5
DA:51,5
DA:52,2
DA:53,2
DA:54,1
DA:56,1
DA:57,1
DA:59,4
DA:69,13
DA:70,3
DA:71,3
DA:72,2
DA:73,2
DA:74,1
DA:76,1
DA:77,1
DA:79,2
DA:83,13
DA:84,1
DA:85,1
DA:86,0
DA:87,1
DA:88,0
DA:89,1
DA:90,0
DA:91,1
DA:92,1
DA:93,1
DA:94,1
DA:97,1
DA:100,13
DA:101,0
DA:102,0
DA:107,0
DA:108,0
DA:109,0
DA:111,0
DA:112,0
DA:114,0
DA:123,13
DA:124,0
DA:125,0
DA:126,0
DA:127,0
DA:128,0
DA:130,0
DA:131,0
DA:132,0
DA:134,0
DA:138,13
DA:139,0
DA:140,0
DA:141,0
DA:142,0
DA:145,0
DA:149,13
LF:81
LH:51
BRDA:18,0,0,2
BRDA:18,0,1,2
BRDA:18,1,0,4
BRDA:18,1,1,3
BRDA:20,2,0,2
BRDA:20,2,1,0
BRDA:23,3,0,0
BRDA:23,3,1,0
BRDA:38,4,0,1
BRDA:38,4,1,1
BRDA:53,5,0,1
BRDA:53,5,1,1
BRDA:73,6,0,1
BRDA:73,6,1,1
BRDA:85,7,0,0
BRDA:85,7,1,1
BRDA:87,8,0,0
BRDA:87,8,1,1
BRDA:89,9,0,0
BRDA:89,9,1,1
BRDA:89,10,0,1
BRDA:89,10,1,1
BRDA:91,11,0,1
BRDA:91,11,1,0
BRDA:108,12,0,0
BRDA:108,12,1,0
BRDA:127,13,0,0
BRDA:127,13,1,0
BRDA:139,14,0,0
BRDA:139,14,1,0
BRDA:139,15,0,0
BRDA:139,15,1,0
BRF:32
BRH:17
end_of_record
TN:
SF:src\services\calenderEvent.service.js
FN:23,getAccessToken
FN:24,(anonymous_1)
FN:35,authorize
FN:45,getgoogleToken
FN:46,(anonymous_4)
FN:49,(anonymous_5)
FN:64,deleteEvent
FN:86,createEvent
FN:95,(anonymous_8)
FN:122,(anonymous_9)
FN:129,(anonymous_10)
FN:146,(anonymous_11)
FN:157,(anonymous_12)
FN:160,(anonymous_13)
FN:163,(anonymous_14)
FNF:15
FNH:0
FNDA:0,getAccessToken
FNDA:0,(anonymous_1)
FNDA:0,authorize
FNDA:0,getgoogleToken
FNDA:0,(anonymous_4)
FNDA:0,(anonymous_5)
FNDA:0,deleteEvent
FNDA:0,createEvent
FNDA:0,(anonymous_8)
FNDA:0,(anonymous_9)
FNDA:0,(anonymous_10)
FNDA:0,(anonymous_11)
FNDA:0,(anonymous_12)
FNDA:0,(anonymous_13)
FNDA:0,(anonymous_14)
DA:1,13
DA:2,13
DA:3,13
DA:4,13
DA:5,13
DA:6,13
DA:7,13
DA:8,13
DA:9,13
DA:10,13
DA:13,13
DA:14,13
DA:18,13
DA:21,13
DA:24,0
DA:25,0
DA:29,0
DA:31,0
DA:36,0
DA:37,0
DA:39,0
DA:41,0
DA:46,0
DA:47,0
DA:48,0
DA:49,0
DA:50,0
DA:51,0
DA:52,0
DA:54,0
DA:55,0
DA:56,0
DA:58,0
DA:65,0
DA:66,0
DA:67,0
DA:68,0
DA:69,0
DA:70,0
DA:73,0
DA:74,0
DA:75,0
DA:79,0
DA:80,0
DA:82,0
DA:87,0
DA:88,0
DA:89,0
DA:90,0
DA:91,0
DA:92,0
DA:93,0
DA:94,0
DA:95,0
DA:96,0
DA:98,0
DA:99,0
DA:122,0
DA:123,0
DA:130,0
DA:131,0
DA:132,0
DA:134,0
DA:135,0
DA:137,0
DA:138,0
DA:146,13
DA:147,0
DA:148,0
DA:150,0
DA:152,0
DA:153,0
DA:157,13
DA:158,0
DA:159,0
DA:160,0
DA:161,0
DA:163,0
DA:164,0
DA:165,0
DA:166,0
DA:167,0
DA:168,0
DA:181,13
LF:84
LH:17
BRDA:50,0,0,0
BRDA:50,0,1,0
BRDA:55,1,0,0
BRDA:55,1,1,0
BRDA:69,2,0,0
BRDA:69,2,1,0
BRDA:102,3,0,0
BRDA:102,3,1,0
BRDA:111,4,0,0
BRDA:111,4,1,0
BRDA:130,5,0,0
BRDA:130,5,1,0
BRDA:137,6,0,0
BRDA:137,6,1,0
BRDA:147,7,0,0
BRDA:147,7,1,0
BRF:16
BRH:0
end_of_record
TN:
SF:src\services\candidate.service.js
FN:4,(anonymous_0)
FN:26,(anonymous_1)
FN:41,(anonymous_2)
FN:116,(anonymous_3)
FN:132,(anonymous_4)
FN:147,(anonymous_5)
FN:152,(anonymous_6)
FNF:7
FNH:5
FNDA:0,(anonymous_0)
FNDA:1,(anonymous_1)
FNDA:1,(anonymous_2)
FNDA:3,(anonymous_3)
FNDA:2,(anonymous_4)
FNDA:1,(anonymous_5)
FNDA:0,(anonymous_6)
DA:1,13
DA:2,13
DA:4,13
DA:5,0
DA:6,0
DA:8,0
DA:9,0
DA:10,0
DA:11,0
DA:14,0
DA:23,0
DA:26,13
DA:27,1
DA:28,1
DA:29,0
DA:38,0
DA:41,13
DA:44,1
DA:45,1
DA:46,1
DA:56,1
DA:73,1
DA:84,1
DA:85,1
DA:86,1
DA:87,1
DA:88,1
DA:89,1
DA:90,1
DA:91,1
DA:92,1
DA:93,0
DA:94,0
DA:96,1
DA:97,1
DA:100,1
DA:101,1
DA:116,13
DA:117,3
DA:118,3
DA:119,3
DA:120,24
DA:122,0
DA:123,0
DA:127,3
DA:129,3
DA:132,13
DA:133,2
DA:134,2
DA:135,2
DA:136,2
DA:137,0
DA:139,0
DA:140,0
DA:144,2
DA:145,2
DA:147,13
DA:148,1
DA:149,1
DA:150,1
DA:152,1
DA:153,0
DA:155,0
DA:156,0
DA:158,0
DA:159,0
DA:161,0
DA:162,0
DA:164,0
DA:165,0
DA:167,0
DA:168,0
DA:170,0
DA:171,0
DA:174,0
DA:178,1
DA:179,0
DA:181,1
DA:184,13
LF:79
LH:47
BRDA:92,0,0,0
BRDA:92,0,1,1
BRDA:120,1,0,0
BRDA:120,1,1,24
BRDA:122,2,0,0
BRDA:122,2,1,0
BRDA:136,3,0,0
BRDA:136,3,1,2
BRDA:136,4,0,2
BRDA:136,4,1,0
BRDA:139,5,0,0
BRDA:139,5,1,0
BRDA:139,6,0,0
BRDA:139,6,1,0
BRDA:153,7,0,0
BRDA:153,7,1,0
BRDA:153,7,2,0
BRDA:153,7,3,0
BRDA:153,7,4,0
BRDA:153,7,5,0
BRDA:153,7,6,0
BRDA:179,8,0,0
BRDA:179,8,1,0
BRF:23
BRH:4
end_of_record
TN:
SF:src\services\email.service.js
FN:26,(anonymous_0)
FN:48,(anonymous_1)
FN:71,(anonymous_2)
FN:80,(anonymous_3)
FN:95,(anonymous_4)
FN:108,(anonymous_5)
FN:120,(anonymous_6)
FN:128,(anonymous_7)
FN:134,(anonymous_8)
FN:135,(anonymous_9)
FN:146,(anonymous_10)
FN:154,(anonymous_11)
FN:164,(anonymous_12)
FNF:13
FNH:4
FNDA:0,(anonymous_0)
FNDA:0,(anonymous_1)
FNDA:1,(anonymous_2)
FNDA:0,(anonymous_3)
FNDA:1,(anonymous_4)
FNDA:0,(anonymous_5)
FNDA:0,(anonymous_6)
FNDA:0,(anonymous_7)
FNDA:0,(anonymous_8)
FNDA:0,(anonymous_9)
FNDA:0,(anonymous_10)
FNDA:2,(anonymous_11)
FNDA:2,(anonymous_12)
DA:1,13
DA:2,13
DA:3,13
DA:4,13
DA:5,13
DA:6,13
DA:7,13
DA:9,13
DA:26,13
DA:27,0
DA:28,0
DA:42,0
DA:44,0
DA:48,13
DA:49,0
DA:71,13
DA:72,1
DA:75,1
DA:76,1
DA:77,1
DA:80,13
DA:81,0
DA:84,0
DA:85,0
DA:86,0
DA:95,13
DA:96,1
DA:98,1
DA:99,1
DA:100,1
DA:108,13
DA:109,0
DA:111,0
DA:112,0
DA:117,0
DA:120,13
DA:121,0
DA:123,0
DA:124,0
DA:125,0
DA:128,13
DA:129,0
DA:130,0
DA:131,0
DA:134,13
DA:135,0
DA:136,0
DA:137,0
DA:138,0
DA:139,0
DA:140,0
DA:141,0
DA:146,13
DA:147,0
DA:148,0
DA:149,0
DA:150,0
DA:154,13
DA:155,2
DA:161,2
DA:164,13
DA:165,2
DA:166,2
DA:177,2
DA:179,13
LF:65
LH:34
BRDA:75,0,0,1
BRDA:75,0,1,1
BRDA:95,1,0,1
BRDA:136,2,0,0
BRDA:136,2,1,0
BRDA:148,3,0,0
BRDA:148,3,1,0
BRDA:149,4,0,0
BRDA:149,4,1,0
BRDA:154,5,0,2
BRDA:164,6,0,2
BRF:11
BRH:5
end_of_record
TN:
SF:src\services\index.js
FNF:0
FNH:0
DA:1,13
DA:2,13
DA:3,13
DA:4,13
DA:5,13
DA:6,13
DA:7,13
DA:8,13
DA:9,13
DA:10,13
DA:11,13
DA:12,13
DA:13,13
DA:14,13
LF:14
LH:14
BRF:0
BRH:0
end_of_record
TN:
SF:src\services\jobApplicant.service.js
FN:13,(anonymous_0)
FN:27,(anonymous_1)
FN:77,(anonymous_2)
FN:119,(anonymous_3)
FN:123,(anonymous_4)
FN:129,(anonymous_5)
FN:130,(anonymous_6)
FN:132,(anonymous_7)
FN:143,(anonymous_8)
FN:146,(anonymous_9)
FN:147,(anonymous_10)
FN:149,(anonymous_11)
FN:166,(anonymous_12)
FN:176,(anonymous_13)
FN:192,(anonymous_14)
FNF:15
FNH:0
FNDA:0,(anonymous_0)
FNDA:0,(anonymous_1)
FNDA:0,(anonymous_2)
FNDA:0,(anonymous_3)
FNDA:0,(anonymous_4)
FNDA:0,(anonymous_5)
FNDA:0,(anonymous_6)
FNDA:0,(anonymous_7)
FNDA:0,(anonymous_8)
FNDA:0,(anonymous_9)
FNDA:0,(anonymous_10)
FNDA:0,(anonymous_11)
FNDA:0,(anonymous_12)
FNDA:0,(anonymous_13)
FNDA:0,(anonymous_14)
DA:1,13
DA:2,13
DA:3,13
DA:4,13
DA:5,13
DA:6,13
DA:13,13
DA:14,0
DA:15,0
DA:16,0
DA:18,0
DA:19,0
DA:27,13
DA:28,0
DA:29,0
DA:30,0
DA:33,0
DA:35,0
DA:36,0
DA:38,0
DA:39,0
DA:40,0
DA:41,0
DA:42,0
DA:48,0
DA:49,0
DA:54,0
DA:55,0
DA:56,0
DA:57,0
DA:58,0
DA:60,0
DA:61,0
DA:62,0
DA:63,0
DA:64,0
DA:65,0
DA:67,0
DA:68,0
DA:71,0
DA:74,0
DA:77,13
DA:78,0
DA:79,0
DA:80,0
DA:81,0
DA:88,0
DA:119,13
DA:120,0
DA:121,0
DA:122,0
DA:123,0
DA:124,0
DA:126,0
DA:129,13
DA:130,0
DA:131,0
DA:133,0
DA:143,13
DA:144,0
DA:147,0
DA:148,0
DA:149,0
DA:150,0
DA:151,0
DA:154,0
DA:166,13
DA:167,0
DA:176,13
DA:177,0
DA:178,0
DA:179,0
DA:181,0
DA:182,0
DA:184,0
DA:192,13
DA:193,0
DA:194,0
DA:195,0
DA:198,0
DA:199,0
DA:202,13
LF:82
LH:16
BRDA:15,0,0,0
BRDA:15,0,1,0
BRDA:29,1,0,0
BRDA:29,1,1,0
BRDA:33,2,0,0
BRDA:33,2,1,0
BRDA:35,3,0,0
BRDA:35,3,1,0
BRDA:40,4,0,0
BRDA:40,4,1,0
BRDA:40,5,0,0
BRDA:40,5,1,0
BRDA:41,6,0,0
BRDA:41,6,1,0
BRDA:48,7,0,0
BRDA:48,7,1,0
BRDA:57,8,0,0
BRDA:57,8,1,0
BRDA:61,9,0,0
BRDA:61,9,1,0
BRDA:62,10,0,0
BRDA:62,10,1,0
BRDA:63,11,0,0
BRDA:63,11,1,0
BRDA:74,12,0,0
BRDA:74,12,1,0
BRDA:131,13,0,0
BRDA:131,13,1,0
BRDA:148,14,0,0
BRDA:148,14,1,0
BRDA:148,15,0,0
BRDA:148,15,1,0
BRDA:178,16,0,0
BRDA:178,16,1,0
BRDA:194,17,0,0
BRDA:194,17,1,0
BRF:36
BRH:0
end_of_record
TN:
SF:src\services\jobOpening.service.js
FN:15,(anonymous_0)
FN:18,(anonymous_1)
FN:23,(anonymous_2)
FN:41,(anonymous_3)
FN:47,(anonymous_4)
FN:48,(anonymous_5)
FN:49,(anonymous_6)
FN:61,(anonymous_7)
FN:76,(anonymous_8)
FN:90,(anonymous_9)
FN:100,(anonymous_10)
FN:103,(anonymous_11)
FN:112,(anonymous_12)
FN:127,(anonymous_13)
FN:143,(anonymous_14)
FN:172,(anonymous_15)
FN:177,(anonymous_16)
FN:235,(anonymous_17)
FN:248,(anonymous_18)
FN:265,(anonymous_19)
FN:336,(anonymous_20)
FNF:21
FNH:5
FNDA:0,(anonymous_0)
FNDA:0,(anonymous_1)
FNDA:0,(anonymous_2)
FNDA:1,(anonymous_3)
FNDA:2,(anonymous_4)
FNDA:10,(anonymous_5)
FNDA:5,(anonymous_6)
FNDA:1,(anonymous_7)
FNDA:0,(anonymous_8)
FNDA:0,(anonymous_9)
FNDA:0,(anonymous_10)
FNDA:0,(anonymous_11)
FNDA:0,(anonymous_12)
FNDA:0,(anonymous_13)
FNDA:0,(anonymous_14)
FNDA:0,(anonymous_15)
FNDA:0,(anonymous_16)
FNDA:0,(anonymous_17)
FNDA:0,(anonymous_18)
FNDA:0,(anonymous_19)
FNDA:0,(anonymous_20)
DA:1,13
DA:2,13
DA:3,13
DA:4,13
DA:5,13
DA:6,13
DA:7,13
DA:8,13
DA:15,13
DA:16,0
DA:17,0
DA:18,0
DA:19,0
DA:20,0
DA:21,0
DA:23,0
DA:26,0
DA:27,0
DA:41,13
DA:42,1
DA:43,1
DA:44,1
DA:47,13
DA:48,2
DA:49,10
DA:50,5
DA:51,0
DA:61,13
DA:62,1
DA:63,0
DA:65,1
DA:67,1
DA:72,1
DA:74,1
DA:76,13
DA:77,0
DA:81,0
DA:82,0
DA:83,0
DA:90,13
DA:91,0
DA:100,13
DA:101,0
DA:102,0
DA:103,0
DA:104,0
DA:105,0
DA:106,0
DA:107,0
DA:109,0
DA:110,0
DA:112,0
DA:115,0
DA:116,0
DA:117,0
DA:119,0
DA:127,13
DA:128,0
DA:129,0
DA:130,0
DA:133,0
DA:134,0
DA:143,13
DA:144,0
DA:145,0
DA:147,0
DA:148,0
DA:166,0
DA:169,0
DA:170,0
DA:171,0
DA:172,0
DA:173,0
DA:174,0
DA:177,0
DA:178,0
DA:181,0
DA:182,0
DA:184,0
DA:185,0
DA:187,0
DA:231,0
DA:232,0
DA:235,13
DA:236,0
DA:237,0
DA:238,0
DA:239,0
DA:241,0
DA:242,0
DA:245,0
DA:248,13
DA:249,0
DA:251,0
DA:252,0
DA:253,0
DA:256,0
DA:258,0
DA:259,0
DA:260,0
DA:261,0
DA:262,0
DA:263,0
DA:264,0
DA:265,0
DA:266,0
DA:267,0
DA:269,0
DA:278,0
DA:279,0
DA:283,0
DA:284,0
DA:285,0
DA:286,0
DA:288,0
DA:289,0
DA:290,0
DA:291,0
DA:292,0
DA:293,0
DA:294,0
DA:295,0
DA:297,0
DA:298,0
DA:299,0
DA:300,0
DA:301,0
DA:303,0
DA:304,0
DA:307,0
DA:312,0
DA:314,0
DA:316,0
DA:318,0
DA:320,0
DA:321,0
DA:323,0
DA:324,0
DA:325,0
DA:327,0
DA:328,0
DA:331,0
DA:332,0
DA:333,0
DA:336,13
DA:338,0
DA:339,0
DA:340,0
DA:342,0
DA:383,0
DA:384,0
DA:386,0
DA:389,0
DA:390,0
DA:391,0
DA:393,0
DA:396,13
LF:157
LH:32
BRDA:20,0,0,0
BRDA:20,0,1,0
BRDA:27,1,0,0
BRDA:27,1,1,0
BRDA:49,2,0,10
BRDA:49,2,1,5
BRDA:50,3,0,0
BRDA:50,3,1,5
BRDA:50,4,0,5
BRDA:50,4,1,0
BRDA:62,5,0,0
BRDA:62,5,1,1
BRDA:103,6,0,0
BRDA:103,6,1,0
BRDA:104,7,0,0
BRDA:104,7,1,0
BRDA:106,8,0,0
BRDA:106,8,1,0
BRDA:109,9,0,0
BRDA:109,9,1,0
BRDA:109,10,0,0
BRDA:109,10,1,0
BRDA:129,11,0,0
BRDA:129,11,1,0
BRDA:147,12,0,0
BRDA:147,12,1,0
BRDA:181,13,0,0
BRDA:181,13,1,0
BRDA:184,14,0,0
BRDA:184,14,1,0
BRDA:236,15,0,0
BRDA:236,15,1,0
BRDA:236,16,0,0
BRDA:236,16,1,0
BRDA:236,16,2,0
BRDA:237,17,0,0
BRDA:237,17,1,0
BRDA:242,18,0,0
BRDA:242,18,1,0
BRDA:252,19,0,0
BRDA:252,19,1,0
BRDA:252,20,0,0
BRDA:252,20,1,0
BRDA:259,21,0,0
BRDA:259,21,1,0
BRDA:278,22,0,0
BRDA:278,22,1,0
BRDA:283,23,0,0
BRDA:283,23,1,0
BRDA:284,24,0,0
BRDA:284,24,1,0
BRDA:285,25,0,0
BRDA:285,25,1,0
BRDA:285,26,0,0
BRDA:285,26,1,0
BRDA:286,27,0,0
BRDA:286,27,1,0
BRDA:289,28,0,0
BRDA:289,28,1,0
BRDA:300,29,0,0
BRDA:300,29,1,0
BRDA:300,30,0,0
BRDA:300,30,1,0
BRDA:303,31,0,0
BRDA:303,31,1,0
BRDA:303,32,0,0
BRDA:303,32,1,0
BRDA:312,33,0,0
BRDA:312,33,1,0
BRDA:314,34,0,0
BRDA:314,34,1,0
BRDA:320,35,0,0
BRDA:320,35,1,0
BRDA:320,36,0,0
BRDA:320,36,1,0
BRDA:324,37,0,0
BRDA:324,37,1,0
BRDA:327,38,0,0
BRDA:327,38,1,0
BRDA:338,39,0,0
BRDA:338,39,1,0
BRDA:340,40,0,0
BRDA:340,40,1,0
BRDA:340,41,0,0
BRDA:340,41,1,0
BRDA:383,42,0,0
BRDA:383,42,1,0
BRDA:390,43,0,0
BRDA:390,43,1,0
BRDA:390,44,0,0
BRDA:390,44,1,0
BRF:91
BRH:5
end_of_record
TN:
SF:src\services\jobRole.service.js
FN:10,(anonymous_0)
FN:22,(anonymous_1)
FN:27,(anonymous_2)
FN:54,(anonymous_3)
FN:61,(anonymous_4)
FN:62,(anonymous_5)
FN:63,(anonymous_6)
FN:73,(anonymous_7)
FN:81,(anonymous_8)
FN:91,(anonymous_9)
FN:110,(anonymous_10)
FNF:11
FNH:7
FNDA:1,(anonymous_0)
FNDA:0,(anonymous_1)
FNDA:0,(anonymous_2)
FNDA:1,(anonymous_3)
FNDA:1,(anonymous_4)
FNDA:1,(anonymous_5)
FNDA:0,(anonymous_6)
FNDA:5,(anonymous_7)
FNDA:0,(anonymous_8)
FNDA:1,(anonymous_9)
FNDA:1,(anonymous_10)
DA:1,13
DA:2,13
DA:3,13
DA:10,13
DA:11,1
DA:12,0
DA:14,1
DA:15,1
DA:22,13
DA:23,0
DA:24,0
DA:25,0
DA:27,0
DA:31,0
DA:32,0
DA:34,0
DA:35,0
DA:37,0
DA:40,0
DA:42,0
DA:54,13
DA:55,1
DA:56,1
DA:57,1
DA:61,13
DA:62,1
DA:63,1
DA:64,0
DA:73,13
DA:74,5
DA:81,13
DA:82,0
DA:91,13
DA:92,1
DA:93,1
DA:94,0
DA:96,1
DA:97,0
DA:99,1
DA:100,1
DA:102,1
DA:110,13
DA:111,1
DA:112,1
DA:113,0
DA:115,1
DA:116,1
DA:117,1
DA:120,13
LF:49
LH:32
BRDA:11,0,0,0
BRDA:11,0,1,1
BRDA:15,1,0,1
BRDA:15,1,1,0
BRDA:23,2,0,0
BRDA:23,2,1,0
BRDA:23,3,0,0
BRDA:23,3,1,0
BRDA:34,4,0,0
BRDA:34,4,1,0
BRDA:34,5,0,0
BRDA:34,5,1,0
BRDA:40,6,0,0
BRDA:40,6,1,0
BRDA:63,7,0,1
BRDA:63,7,1,0
BRDA:93,8,0,0
BRDA:93,8,1,1
BRDA:96,9,0,0
BRDA:96,9,1,1
BRDA:96,10,0,1
BRDA:96,10,1,1
BRDA:112,11,0,0
BRDA:112,11,1,1
BRF:24
BRH:8
end_of_record
TN:
SF:src\services\menuAccess.service.js
FN:5,(anonymous_0)
FN:10,(anonymous_1)
FN:14,(anonymous_2)
FN:18,(anonymous_3)
FN:29,(anonymous_4)
FNF:5
FNH:5
FNDA:1,(anonymous_0)
FNDA:1,(anonymous_1)
FNDA:2,(anonymous_2)
FNDA:1,(anonymous_3)
FNDA:1,(anonymous_4)
DA:1,13
DA:2,13
DA:3,13
DA:5,13
DA:6,1
DA:7,1
DA:10,13
DA:11,1
DA:14,13
DA:15,2
DA:18,13
DA:19,1
DA:20,1
DA:21,0
DA:23,1
DA:24,1
DA:26,1
DA:29,13
DA:30,1
DA:31,1
DA:32,1
DA:35,0
DA:36,0
DA:39,13
LF:24
LH:21
BRDA:20,0,0,0
BRDA:20,0,1,1
BRDA:31,1,0,1
BRDA:31,1,1,0
BRF:4
BRH:2
end_of_record
TN:
SF:src\services\notification.service.js
FNF:0
FNH:0
LF:0
LH:0
BRF:0
BRH:0
end_of_record
TN:
SF:src\services\organization.service.js
FN:10,(anonymous_0)
FN:21,(anonymous_1)
FN:57,(anonymous_2)
FN:67,(anonymous_3)
FN:75,(anonymous_4)
FN:85,(anonymous_5)
FN:104,(anonymous_6)
FNF:7
FNH:7
FNDA:4,(anonymous_0)
FNDA:12,(anonymous_1)
FNDA:7,(anonymous_2)
FNDA:10,(anonymous_3)
FNDA:2,(anonymous_4)
FNDA:4,(anonymous_5)
FNDA:4,(anonymous_6)
DA:1,13
DA:2,13
DA:3,13
DA:10,13
DA:11,4
DA:12,2
DA:14,2
DA:21,13
DA:22,12
DA:23,12
DA:24,12
DA:25,12
DA:26,10
DA:27,10
DA:32,12
DA:33,12
DA:34,0
DA:36,12
DA:37,11
DA:39,1
DA:41,12
DA:43,12
DA:45,12
DA:57,13
DA:58,7
DA:59,7
DA:67,13
DA:68,10
DA:75,13
DA:76,2
DA:85,13
DA:86,4
DA:87,4
DA:88,1
DA:90,3
DA:91,1
DA:94,2
DA:95,2
DA:96,2
DA:104,13
DA:105,4
DA:106,4
DA:107,2
DA:109,2
DA:110,2
DA:113,13
LF:46
LH:45
BRDA:11,0,0,2
BRDA:11,0,1,2
BRDA:23,1,0,12
BRDA:23,1,1,10
BRDA:26,2,0,10
BRDA:26,2,1,0
BRDA:33,3,0,0
BRDA:33,3,1,12
BRDA:36,4,0,11
BRDA:36,4,1,1
BRDA:43,5,0,12
BRDA:43,5,1,0
BRDA:87,6,0,1
BRDA:87,6,1,3
BRDA:90,7,0,1
BRDA:90,7,1,2
BRDA:90,8,0,3
BRDA:90,8,1,2
BRDA:106,9,0,2
BRDA:106,9,1,2
BRF:20
BRH:17
end_of_record
TN:
SF:src\services\resume.service.js
FN:30,(anonymous_0)
FN:33,(anonymous_1)
FN:45,(anonymous_2)
FN:56,(anonymous_3)
FN:69,(anonymous_4)
FN:87,(anonymous_5)
FN:108,(anonymous_6)
FN:109,(anonymous_7)
FN:110,(anonymous_8)
FN:117,(anonymous_9)
FN:139,(anonymous_10)
FN:164,(anonymous_11)
FN:167,(anonymous_12)
FN:170,(anonymous_13)
FN:185,(anonymous_14)
FN:266,(anonymous_15)
FN:270,(anonymous_16)
FN:287,(anonymous_17)
FN:295,(anonymous_18)
FN:308,(anonymous_19)
FN:364,(anonymous_20)
FN:377,(anonymous_21)
FN:389,(anonymous_22)
FN:462,(anonymous_23)
FN:506,(anonymous_24)
FN:509,(anonymous_25)
FN:530,(anonymous_26)
FN:556,(anonymous_27)
FN:577,(anonymous_28)
FN:584,(anonymous_29)
FN:586,(anonymous_30)
FN:590,(anonymous_31)
FN:597,(anonymous_32)
FN:601,(anonymous_33)
FN:605,(anonymous_34)
FN:632,(anonymous_35)
FN:639,(anonymous_36)
FN:674,(anonymous_37)
FN:678,(anonymous_38)
FN:681,(anonymous_39)
FN:682,(anonymous_40)
FN:700,(anonymous_41)
FN:704,(anonymous_42)
FN:708,(anonymous_43)
FN:709,(anonymous_44)
FN:714,(anonymous_45)
FN:725,(anonymous_46)
FN:739,(anonymous_47)
FN:747,(anonymous_48)
FN:760,(anonymous_49)
FNF:50
FNH:19
FNDA:10,(anonymous_0)
FNDA:2,(anonymous_1)
FNDA:2,(anonymous_2)
FNDA:0,(anonymous_3)
FNDA:49,(anonymous_4)
FNDA:11,(anonymous_5)
FNDA:6,(anonymous_6)
FNDA:4,(anonymous_7)
FNDA:4,(anonymous_8)
FNDA:4,(anonymous_9)
FNDA:11,(anonymous_10)
FNDA:0,(anonymous_11)
FNDA:0,(anonymous_12)
FNDA:0,(anonymous_13)
FNDA:2,(anonymous_14)
FNDA:7,(anonymous_15)
FNDA:2,(anonymous_16)
FNDA:1,(anonymous_17)
FNDA:0,(anonymous_18)
FNDA:1,(anonymous_19)
FNDA:1,(anonymous_20)
FNDA:6,(anonymous_21)
FNDA:2,(anonymous_22)
FNDA:11,(anonymous_23)
FNDA:0,(anonymous_24)
FNDA:0,(anonymous_25)
FNDA:0,(anonymous_26)
FNDA:0,(anonymous_27)
FNDA:0,(anonymous_28)
FNDA:0,(anonymous_29)
FNDA:0,(anonymous_30)
FNDA:0,(anonymous_31)
FNDA:0,(anonymous_32)
FNDA:0,(anonymous_33)
FNDA:0,(anonymous_34)
FNDA:0,(anonymous_35)
FNDA:0,(anonymous_36)
FNDA:0,(anonymous_37)
FNDA:0,(anonymous_38)
FNDA:0,(anonymous_39)
FNDA:0,(anonymous_40)
FNDA:0,(anonymous_41)
FNDA:0,(anonymous_42)
FNDA:0,(anonymous_43)
FNDA:0,(anonymous_44)
FNDA:0,(anonymous_45)
FNDA:0,(anonymous_46)
FNDA:0,(anonymous_47)
FNDA:0,(anonymous_48)
FNDA:0,(anonymous_49)
DA:1,13
DA:2,13
DA:3,13
DA:4,13
DA:5,13
DA:6,13
DA:7,13
DA:8,13
DA:9,13
DA:10,13
DA:11,13
DA:12,13
DA:13,13
DA:14,13
DA:15,13
DA:16,13
DA:17,13
DA:18,13
DA:19,13
DA:20,13
DA:21,13
DA:22,13
DA:30,13
DA:31,10
DA:34,2
DA:39,10
DA:40,2
DA:42,10
DA:45,13
DA:46,2
DA:47,0
DA:49,2
DA:51,2
DA:52,0
DA:53,0
DA:54,0
DA:55,0
DA:56,0
DA:57,0
DA:58,0
DA:59,0
DA:61,0
DA:62,0
DA:63,0
DA:64,0
DA:66,2
DA:69,13
DA:70,49
DA:75,49
DA:76,38
DA:78,49
DA:79,16
DA:81,49
DA:82,12
DA:84,49
DA:87,13
DA:88,11
DA:89,11
DA:90,11
DA:91,11
DA:92,11
DA:93,11
DA:97,0
DA:100,11
DA:104,11
DA:108,6
DA:110,4
DA:111,4
DA:112,4
DA:118,4
DA:124,4
DA:130,11
DA:131,11
DA:132,4
DA:134,11
DA:136,11
DA:139,13
DA:140,11
DA:141,11
DA:142,11
DA:143,11
DA:144,11
DA:145,11
DA:149,0
DA:151,11
DA:152,11
DA:153,4
DA:155,11
DA:156,11
DA:157,11
DA:161,11
DA:164,13
DA:165,0
DA:166,0
DA:167,0
DA:168,0
DA:169,0
DA:170,0
DA:171,0
DA:172,0
DA:176,0
DA:178,0
DA:179,0
DA:180,0
DA:182,0
DA:185,13
DA:186,2
DA:187,2
DA:188,2
DA:189,2
DA:190,0
DA:191,0
DA:193,2
DA:194,2
DA:197,2
DA:198,0
DA:203,0
DA:204,0
DA:207,0
DA:209,2
DA:210,2
DA:211,0
DA:214,0
DA:215,0
DA:216,0
DA:218,0
DA:219,2
DA:220,0
DA:221,0
DA:222,0
DA:223,0
DA:224,0
DA:225,0
DA:226,0
DA:227,0
DA:229,0
DA:230,0
DA:231,0
DA:232,0
DA:233,0
DA:234,0
DA:236,0
DA:237,0
DA:239,0
DA:243,0
DA:244,0
DA:245,0
DA:247,0
DA:248,0
DA:249,0
DA:251,0
DA:253,2
DA:255,2
DA:256,2
DA:257,0
DA:258,0
DA:261,0
DA:263,2
DA:266,13
DA:267,7
DA:270,13
DA:271,2
DA:272,2
DA:273,0
DA:275,2
DA:276,2
DA:278,2
DA:279,2
DA:280,0
DA:282,2
DA:283,2
DA:284,2
DA:287,13
DA:288,1
DA:289,1
DA:290,1
DA:291,0
DA:292,0
DA:293,0
DA:294,0
DA:295,0
DA:296,0
DA:297,0
DA:298,0
DA:299,0
DA:301,0
DA:302,0
DA:304,0
DA:305,0
DA:308,13
DA:310,1
DA:311,1
DA:312,1
DA:314,1
DA:345,1
DA:346,0
DA:350,1
DA:354,1
DA:355,1
DA:356,1
DA:357,1
DA:358,1
DA:360,1
DA:364,13
DA:365,1
DA:366,1
DA:367,1
DA:377,13
DA:378,6
DA:379,0
DA:380,6
DA:389,13
DA:390,2
DA:391,2
DA:392,2
DA:393,2
DA:396,2
DA:397,0
DA:407,0
DA:408,0
DA:411,0
DA:413,2
DA:414,2
DA:415,0
DA:418,0
DA:419,0
DA:420,0
DA:423,0
DA:424,2
DA:425,2
DA:426,2
DA:427,2
DA:428,2
DA:429,2
DA:430,2
DA:431,2
DA:432,2
DA:434,2
DA:435,2
DA:436,2
DA:437,2
DA:439,2
DA:442,2
DA:443,0
DA:444,0
DA:446,2
DA:448,0
DA:450,2
DA:452,2
DA:453,1
DA:454,0
DA:457,1
DA:459,1
DA:462,13
DA:463,11
DA:464,11
DA:465,11
DA:466,11
DA:467,4
DA:472,4
DA:474,7
DA:478,7
DA:481,11
DA:482,1
DA:484,1
DA:486,10
DA:488,10
DA:492,13
DA:499,13
DA:507,0
DA:510,0
DA:511,0
DA:512,0
DA:513,0
DA:515,0
DA:518,13
DA:519,13
DA:523,13
DA:530,13
DA:532,0
DA:533,0
DA:534,0
DA:535,0
DA:536,0
DA:537,0
DA:538,0
DA:539,0
DA:541,0
DA:542,0
DA:548,0
DA:552,0
DA:557,0
DA:558,0
DA:562,0
DA:567,0
DA:569,0
DA:570,0
DA:572,0
DA:573,0
DA:577,13
DA:578,0
DA:579,0
DA:580,0
DA:581,0
DA:582,0
DA:584,0
DA:585,0
DA:587,0
DA:588,0
DA:591,0
DA:592,0
DA:597,13
DA:598,0
DA:601,0
DA:603,0
DA:604,0
DA:605,0
DA:606,0
DA:607,0
DA:608,0
DA:609,0
DA:610,0
DA:611,0
DA:612,0
DA:613,0
DA:614,0
DA:617,0
DA:620,0
DA:626,0
DA:632,13
DA:633,0
DA:636,0
DA:639,0
DA:640,0
DA:641,0
DA:642,0
DA:643,0
DA:644,0
DA:645,0
DA:646,0
DA:647,0
DA:648,0
DA:649,0
DA:650,0
DA:653,0
DA:656,0
DA:662,0
DA:664,0
DA:666,0
DA:671,0
DA:674,13
DA:675,0
DA:676,0
DA:677,0
DA:680,0
DA:681,0
DA:682,0
DA:683,0
DA:684,0
DA:686,0
DA:687,0
DA:689,0
DA:694,0
DA:695,0
DA:697,0
DA:700,13
DA:701,0
DA:703,0
DA:705,0
DA:708,0
DA:709,0
DA:710,0
DA:715,0
DA:722,0
DA:725,13
DA:726,0
DA:727,0
DA:730,0
DA:739,0
DA:740,0
DA:747,0
DA:748,0
DA:749,0
DA:752,0
DA:755,0
DA:756,0
DA:758,0
DA:760,13
DA:761,0
DA:762,0
DA:763,0
DA:765,0
DA:768,13
LF:393
LH:185
BRDA:31,0,0,2
BRDA:31,0,1,8
BRDA:39,1,0,2
BRDA:39,1,1,8
BRDA:39,2,0,10
BRDA:39,2,1,2
BRDA:46,3,0,0
BRDA:46,3,1,2
BRDA:51,4,0,0
BRDA:51,4,1,2
BRDA:58,5,0,0
BRDA:58,5,1,0
BRDA:69,6,0,33
BRDA:75,7,0,38
BRDA:75,7,1,11
BRDA:78,8,0,16
BRDA:78,8,1,33
BRDA:81,9,0,12
BRDA:81,9,1,37
BRDA:92,10,0,11
BRDA:92,10,1,0
BRDA:108,11,0,6
BRDA:108,11,1,4
BRDA:111,12,0,4
BRDA:111,12,1,0
BRDA:131,13,0,4
BRDA:131,13,1,7
BRDA:144,14,0,11
BRDA:144,14,1,0
BRDA:152,15,0,4
BRDA:152,15,1,7
BRDA:164,16,0,0
BRDA:171,17,0,0
BRDA:171,17,1,0
BRDA:171,18,0,0
BRDA:171,18,1,0
BRDA:176,19,0,0
BRDA:176,19,1,0
BRDA:179,20,0,0
BRDA:179,20,1,0
BRDA:189,21,0,0
BRDA:189,21,1,2
BRDA:193,22,0,2
BRDA:193,22,1,0
BRDA:193,23,0,2
BRDA:193,23,1,2
BRDA:197,24,0,0
BRDA:197,24,1,2
BRDA:203,25,0,0
BRDA:203,25,1,0
BRDA:210,26,0,0
BRDA:210,26,1,2
BRDA:214,27,0,0
BRDA:214,27,1,0
BRDA:215,28,0,0
BRDA:215,28,1,0
BRDA:218,29,0,0
BRDA:218,29,1,0
BRDA:219,30,0,0
BRDA:219,30,1,2
BRDA:231,31,0,0
BRDA:231,31,1,0
BRDA:236,32,0,0
BRDA:236,32,1,0
BRDA:236,33,0,0
BRDA:236,33,1,0
BRDA:243,34,0,0
BRDA:243,34,1,0
BRDA:247,35,0,0
BRDA:247,35,1,0
BRDA:248,36,0,0
BRDA:248,36,1,0
BRDA:251,37,0,0
BRDA:251,37,1,0
BRDA:253,38,0,0
BRDA:253,38,1,2
BRDA:256,39,0,0
BRDA:256,39,1,2
BRDA:257,40,0,0
BRDA:257,40,1,0
BRDA:272,41,0,0
BRDA:272,41,1,2
BRDA:275,42,0,2
BRDA:275,42,1,0
BRDA:275,43,0,2
BRDA:275,43,1,2
BRDA:275,43,2,0
BRDA:279,44,0,0
BRDA:279,44,1,2
BRDA:290,45,0,0
BRDA:290,45,1,0
BRDA:301,46,0,0
BRDA:301,46,1,0
BRDA:310,47,0,1
BRDA:310,47,1,0
BRDA:312,48,0,0
BRDA:312,48,1,1
BRDA:312,49,0,1
BRDA:312,49,1,0
BRDA:345,50,0,0
BRDA:345,50,1,1
BRDA:356,51,0,1
BRDA:356,51,1,0
BRDA:356,52,0,1
BRDA:356,52,1,1
BRDA:356,52,2,1
BRDA:357,53,0,1
BRDA:357,53,1,0
BRDA:357,54,0,1
BRDA:357,54,1,1
BRDA:357,54,2,1
BRDA:378,55,0,0
BRDA:378,55,1,6
BRDA:378,56,0,6
BRDA:378,56,1,0
BRDA:378,56,2,0
BRDA:392,57,0,2
BRDA:392,57,1,0
BRDA:392,58,0,2
BRDA:392,58,1,2
BRDA:396,59,0,0
BRDA:396,59,1,2
BRDA:407,60,0,0
BRDA:407,60,1,0
BRDA:414,61,0,0
BRDA:414,61,1,2
BRDA:418,62,0,0
BRDA:418,62,1,0
BRDA:419,63,0,0
BRDA:419,63,1,0
BRDA:423,64,0,0
BRDA:423,64,1,0
BRDA:424,65,0,2
BRDA:424,65,1,0
BRDA:436,66,0,2
BRDA:436,66,1,0
BRDA:436,67,0,2
BRDA:436,67,1,2
BRDA:442,68,0,0
BRDA:442,68,1,2
BRDA:443,69,0,0
BRDA:443,69,1,0
BRDA:446,70,0,1
BRDA:446,70,1,1
BRDA:448,71,0,0
BRDA:448,71,1,0
BRDA:452,72,0,1
BRDA:452,72,1,1
BRDA:453,73,0,0
BRDA:453,73,1,1
BRDA:466,74,0,4
BRDA:466,74,1,7
BRDA:481,75,0,1
BRDA:481,75,1,10
BRDA:511,76,0,0
BRDA:511,76,1,0
BRDA:511,77,0,0
BRDA:511,77,1,0
BRDA:511,77,2,0
BRDA:511,77,3,0
BRDA:534,78,0,0
BRDA:534,78,1,0
BRDA:536,79,0,0
BRDA:536,79,1,0
BRDA:604,80,0,0
BRDA:604,80,1,0
BRDA:610,81,0,0
BRDA:610,81,1,0
BRDA:640,82,0,0
BRDA:640,82,1,0
BRDA:647,83,0,0
BRDA:647,83,1,0
BRDA:683,84,0,0
BRDA:683,84,1,0
BRDA:686,85,0,0
BRDA:686,85,1,0
BRDA:694,86,0,0
BRDA:694,86,1,0
BRDA:710,87,0,0
BRDA:710,87,1,0
BRDA:726,88,0,0
BRDA:726,88,1,0
BRDA:748,89,0,0
BRDA:748,89,1,0
BRDA:755,90,0,0
BRDA:755,90,1,0
BRF:186
BRH:71
end_of_record
TN:
SF:src\services\systemRoles.service.js
FN:12,(anonymous_0)
FN:27,(anonymous_1)
FN:32,(anonymous_2)
FN:59,(anonymous_3)
FN:69,(anonymous_4)
FN:77,(anonymous_5)
FN:87,(anonymous_6)
FN:108,(anonymous_7)
FNF:8
FNH:8
FNDA:3,(anonymous_0)
FNDA:7,(anonymous_1)
FNDA:3,(anonymous_2)
FNDA:1,(anonymous_3)
FNDA:5,(anonymous_4)
FNDA:1,(anonymous_5)
FNDA:2,(anonymous_6)
FNDA:2,(anonymous_7)
DA:1,13
DA:2,13
DA:3,13
DA:4,13
DA:5,13
DA:12,13
DA:13,3
DA:14,3
DA:15,2
DA:17,1
DA:18,1
DA:20,1
DA:27,13
DA:28,7
DA:29,2
DA:30,2
DA:32,3
DA:36,5
DA:37,5
DA:39,5
DA:40,3
DA:42,2
DA:45,5
DA:47,5
DA:59,13
DA:60,1
DA:61,1
DA:69,13
DA:70,5
DA:77,13
DA:78,1
DA:87,13
DA:88,2
DA:89,2
DA:90,0
DA:92,2
DA:93,0
DA:95,2
DA:96,0
DA:98,2
DA:99,2
DA:100,2
DA:108,13
DA:109,2
DA:110,2
DA:111,0
DA:113,2
DA:114,0
DA:117,2
DA:118,2
DA:121,13
LF:51
LH:46
BRDA:14,0,0,2
BRDA:14,0,1,1
BRDA:17,1,0,1
BRDA:17,1,1,0
BRDA:28,2,0,2
BRDA:28,2,1,5
BRDA:28,3,0,7
BRDA:28,3,1,5
BRDA:39,4,0,3
BRDA:39,4,1,2
BRDA:39,5,0,5
BRDA:39,5,1,3
BRDA:45,6,0,5
BRDA:45,6,1,0
BRDA:89,7,0,0
BRDA:89,7,1,2
BRDA:92,8,0,0
BRDA:92,8,1,2
BRDA:92,9,0,2
BRDA:92,9,1,1
BRDA:95,10,0,0
BRDA:95,10,1,2
BRDA:110,11,0,0
BRDA:110,11,1,2
BRDA:113,12,0,0
BRDA:113,12,1,2
BRF:26
BRH:19
end_of_record
TN:
SF:src\services\token.service.js
FN:20,(anonymous_0)
FN:40,(anonymous_1)
FN:59,(anonymous_2)
FN:68,(anonymous_3)
FN:83,(anonymous_4)
FN:108,(anonymous_5)
FN:119,(anonymous_6)
FN:133,(anonymous_7)
FN:150,(anonymous_8)
FNF:9
FNH:8
FNDA:100,(anonymous_0)
FNDA:21,(anonymous_1)
FNDA:8,(anonymous_2)
FNDA:1,(anonymous_3)
FNDA:1,(anonymous_4)
FNDA:2,(anonymous_5)
FNDA:0,(anonymous_6)
FNDA:3,(anonymous_7)
FNDA:1,(anonymous_8)
DA:1,13
DA:2,13
DA:3,13
DA:4,13
DA:5,13
DA:6,13
DA:7,13
DA:8,13
DA:9,13
DA:20,13
DA:21,100
DA:27,100
DA:40,13
DA:41,21
DA:50,12
DA:59,13
DA:60,8
DA:61,5
DA:62,5
DA:63,1
DA:65,4
DA:68,13
DA:69,1
DA:70,1
DA:72,1
DA:74,1
DA:75,1
DA:83,13
DA:84,1
DA:85,1
DA:87,1
DA:88,1
DA:89,1
DA:91,1
DA:108,13
DA:109,2
DA:110,2
DA:111,1
DA:113,1
DA:114,1
DA:115,1
DA:116,1
DA:119,13
DA:120,0
DA:124,0
DA:125,0
DA:126,0
DA:128,0
DA:130,0
DA:133,13
DA:134,3
DA:135,3
DA:136,1
DA:138,2
DA:139,2
DA:140,2
DA:141,2
DA:142,0
DA:150,13
DA:151,1
DA:152,1
DA:153,1
DA:154,1
DA:157,13
LF:64
LH:57
BRDA:20,0,0,98
BRDA:40,1,0,15
BRDA:62,2,0,1
BRDA:62,2,1,4
BRDA:74,3,0,0
BRDA:74,3,1,1
BRDA:110,4,0,1
BRDA:110,4,1,1
BRDA:121,5,0,0
BRDA:121,5,1,0
BRDA:125,6,0,0
BRDA:125,6,1,0
BRDA:125,7,0,0
BRDA:125,7,1,0
BRDA:135,8,0,1
BRDA:135,8,1,2
BRF:16
BRH:9
end_of_record
TN:
SF:src\services\user.service.js
FN:12,(anonymous_0)
FN:18,(anonymous_1)
FN:32,(anonymous_2)
FN:39,(anonymous_3)
FN:54,(anonymous_4)
FN:71,(anonymous_5)
FN:81,(anonymous_6)
FN:93,(anonymous_7)
FN:103,(anonymous_8)
FN:126,(anonymous_9)
FNF:10
FNH:8
FNDA:2,(anonymous_0)
FNDA:1,(anonymous_1)
FNDA:1,(anonymous_2)
FNDA:0,(anonymous_3)
FNDA:0,(anonymous_4)
FNDA:8,(anonymous_5)
FNDA:17,(anonymous_6)
FNDA:14,(anonymous_7)
FNDA:7,(anonymous_8)
FNDA:3,(anonymous_9)
DA:1,13
DA:2,13
DA:3,13
DA:4,13
DA:5,13
DA:12,13
DA:13,2
DA:14,0
DA:16,2
DA:17,2
DA:18,1
DA:19,1
DA:22,1
DA:25,1
DA:32,13
DA:33,1
DA:34,0
DA:36,1
DA:37,1
DA:38,1
DA:39,0
DA:40,0
DA:41,0
DA:43,0
DA:44,0
DA:45,0
DA:46,0
DA:47,0
DA:50,0
DA:54,13
DA:55,0
DA:56,0
DA:58,0
DA:59,0
DA:71,13
DA:72,8
DA:73,8
DA:81,13
DA:82,17
DA:93,13
DA:94,14
DA:103,13
DA:104,7
DA:106,7
DA:107,7
DA:108,1
DA:109,6
DA:110,0
DA:112,6
DA:113,0
DA:115,6
DA:117,6
DA:118,6
DA:126,13
DA:127,3
DA:128,3
DA:129,1
DA:131,2
DA:132,2
DA:135,13
LF:60
LH:43
BRDA:13,0,0,0
BRDA:13,0,1,2
BRDA:17,1,0,1
BRDA:17,1,1,1
BRDA:18,2,0,1
BRDA:18,2,1,0
BRDA:33,3,0,0
BRDA:33,3,1,1
BRDA:40,4,0,0
BRDA:40,4,1,0
BRDA:55,5,0,0
BRDA:55,5,1,0
BRDA:82,6,0,3
BRDA:82,6,1,14
BRDA:103,7,0,7
BRDA:107,8,0,1
BRDA:107,8,1,6
BRDA:109,9,0,0
BRDA:109,9,1,6
BRDA:109,10,0,6
BRDA:109,10,1,0
BRDA:112,11,0,0
BRDA:112,11,1,6
BRDA:112,12,0,6
BRDA:112,12,1,3
BRDA:128,13,0,1
BRDA:128,13,1,2
BRF:27
BRH:17
end_of_record
TN:
SF:src\templates\profilegenerator\pdf-generator.js
FN:6,(anonymous_0)
FNF:1
FNH:0
FNDA:0,(anonymous_0)
DA:1,13
DA:2,13
DA:3,13
DA:4,13
DA:6,13
DA:7,0
DA:8,0
DA:9,0
DA:20,0
DA:21,0
DA:26,0
DA:28,0
DA:32,0
DA:41,0
DA:42,0
DA:44,13
LF:16
LH:6
BRF:0
BRH:0
end_of_record
TN:
SF:src\utils\ApiError.js
FN:2,(anonymous_0)
FNF:1
FNH:1
FNDA:133,(anonymous_0)
DA:3,133
DA:4,133
DA:5,133
DA:6,133
DA:7,14
DA:9,119
DA:14,14
LF:7
LH:7
BRDA:2,0,0,117
BRDA:2,1,0,119
BRDA:6,2,0,14
BRDA:6,2,1,119
BRF:4
BRH:4
end_of_record
TN:
SF:src\utils\addAuditFields.js
FN:5,(anonymous_0)
FNF:1
FNH:1
FNDA:30,(anonymous_0)
DA:1,13
DA:2,13
DA:3,13
DA:5,13
DA:6,30
DA:11,30
DA:12,20
DA:13,20
DA:15,30
DA:16,30
DA:17,4
DA:19,30
DA:20,30
DA:21,0
DA:22,0
DA:25,30
DA:27,13
LF:17
LH:15
BRDA:5,0,0,30
BRDA:11,1,0,20
BRDA:11,1,1,10
BRDA:15,2,0,30
BRDA:15,2,1,0
BRDA:15,3,0,30
BRDA:15,3,1,30
BRDA:16,4,0,4
BRDA:16,4,1,26
BRDA:20,5,0,30
BRDA:20,5,1,0
BRDA:21,6,0,0
BRDA:21,6,1,0
BRF:13
BRH:9
end_of_record
TN:
SF:src\utils\catchAsync.js
FN:1,(anonymous_0)
FN:1,(anonymous_1)
FN:2,(anonymous_2)
FNF:3
FNH:3
FNDA:1209,(anonymous_0)
FNDA:115,(anonymous_1)
FNDA:45,(anonymous_2)
DA:1,1209
DA:2,115
DA:5,13
LF:3
LH:3
BRDA:2,0,0,45
BRDA:2,0,1,45
BRF:2
BRH:2
end_of_record
TN:
SF:src\utils\emailCronService.js
FN:6,(anonymous_0)
FN:7,(anonymous_1)
FN:10,(anonymous_2)
FN:19,(anonymous_3)
FNF:4
FNH:2
FNDA:13,(anonymous_0)
FNDA:3,(anonymous_1)
FNDA:0,(anonymous_2)
FNDA:0,(anonymous_3)
DA:1,13
DA:2,13
DA:3,13
DA:4,13
DA:6,13
DA:7,13
DA:8,3
DA:9,3
DA:10,0
DA:11,0
DA:12,0
DA:15,3
DA:19,0
DA:27,13
LF:14
LH:10
BRDA:9,0,0,0
BRDA:9,0,1,3
BRF:2
BRH:1
end_of_record
TN:
SF:src\utils\excelFormating.js
FN:7,(anonymous_0)
FN:8,(anonymous_1)
FN:21,(anonymous_2)
FN:23,(anonymous_3)
FN:26,(anonymous_4)
FN:49,(anonymous_5)
FN:55,(anonymous_6)
FN:58,(anonymous_7)
FN:60,(anonymous_8)
FN:66,(anonymous_9)
FN:70,(anonymous_10)
FN:78,(anonymous_11)
FN:79,(anonymous_12)
FN:92,(anonymous_13)
FN:94,(anonymous_14)
FN:95,(anonymous_15)
FN:100,(anonymous_16)
FN:101,(anonymous_17)
FN:102,(anonymous_18)
FN:105,(anonymous_19)
FN:108,(anonymous_20)
FN:117,(anonymous_21)
FN:119,(anonymous_22)
FN:123,(anonymous_23)
FN:148,(anonymous_24)
FNF:25
FNH:11
FNDA:2,(anonymous_0)
FNDA:2,(anonymous_1)
FNDA:2,(anonymous_2)
FNDA:46,(anonymous_3)
FNDA:77,(anonymous_4)
FNDA:0,(anonymous_5)
FNDA:0,(anonymous_6)
FNDA:48,(anonymous_7)
FNDA:48,(anonymous_8)
FNDA:2,(anonymous_9)
FNDA:48,(anonymous_10)
FNDA:2,(anonymous_11)
FNDA:48,(anonymous_12)
FNDA:0,(anonymous_13)
FNDA:0,(anonymous_14)
FNDA:0,(anonymous_15)
FNDA:0,(anonymous_16)
FNDA:0,(anonymous_17)
FNDA:0,(anonymous_18)
FNDA:0,(anonymous_19)
FNDA:0,(anonymous_20)
FNDA:0,(anonymous_21)
FNDA:0,(anonymous_22)
FNDA:0,(anonymous_23)
FNDA:0,(anonymous_24)
DA:1,13
DA:2,13
DA:3,13
DA:4,13
DA:5,13
DA:7,13
DA:8,2
DA:9,2
DA:10,2
DA:11,0
DA:12,0
DA:14,2
DA:15,0
DA:16,0
DA:18,2
DA:19,2
DA:21,2
DA:22,2
DA:23,2
DA:24,46
DA:26,77
DA:29,46
DA:30,3
DA:31,0
DA:33,3
DA:36,43
DA:39,2
DA:40,2
DA:41,2
DA:42,2
DA:43,2
DA:45,2
DA:46,2
DA:47,2
DA:49,2
DA:50,0
DA:55,0
DA:58,2
DA:59,48
DA:60,48
DA:61,48
DA:63,48
DA:66,2
DA:67,2
DA:70,2
DA:72,48
DA:74,48
DA:76,48
DA:78,2
DA:79,2
DA:81,48
DA:85,2
DA:87,2
DA:89,0
DA:92,13
DA:93,0
DA:94,0
DA:95,0
DA:96,0
DA:98,0
DA:100,0
DA:101,0
DA:102,0
DA:103,0
DA:104,0
DA:105,0
DA:106,0
DA:107,0
DA:108,0
DA:109,0
DA:110,0
DA:112,0
DA:113,0
DA:115,0
DA:117,0
DA:118,0
DA:119,0
DA:120,0
DA:123,0
DA:125,0
DA:130,0
DA:132,0
DA:143,0
DA:148,0
DA:149,0
DA:157,0
DA:160,13
LF:87
LH:48
BRDA:7,0,0,1
BRDA:7,1,0,0
BRDA:7,2,0,1
BRDA:10,3,0,0
BRDA:10,3,1,2
BRDA:14,4,0,0
BRDA:14,4,1,2
BRDA:29,5,0,3
BRDA:29,5,1,43
BRDA:30,6,0,0
BRDA:30,6,1,3
BRDA:41,7,0,1
BRDA:41,7,1,1
BRDA:45,8,0,2
BRDA:45,8,1,0
BRDA:50,9,0,0
BRDA:50,9,1,0
BRDA:58,10,0,0
BRDA:58,10,1,2
BRDA:61,11,0,10
BRDA:61,11,1,38
BRDA:63,12,0,48
BRDA:63,12,1,0
BRDA:63,13,0,2
BRDA:63,13,1,46
BRDA:85,14,0,2
BRDA:85,14,1,1
BRDA:85,15,0,2
BRDA:85,15,1,1
BRDA:87,16,0,2
BRDA:87,16,1,1
BRDA:87,17,0,2
BRDA:87,17,1,1
BRDA:96,18,0,0
BRDA:96,18,1,0
BRDA:109,19,0,0
BRDA:109,19,1,0
BRDA:120,20,0,0
BRDA:120,20,1,0
BRDA:126,21,0,0
BRDA:126,21,1,0
BRDA:128,22,0,0
BRDA:128,22,1,0
BRDA:128,22,2,0
BRDA:135,23,0,0
BRDA:135,23,1,0
BRDA:136,24,0,0
BRDA:136,24,1,0
BRF:48
BRH:24
end_of_record
TN:
SF:src\utils\helper.js
FN:1,betweenRandomNumber
FN:5,getPassedDateAndMidnight
FN:14,lastMonth
FN:18,getPreviousMonthDate
FNF:4
FNH:4
FNDA:6,betweenRandomNumber
FNDA:77,getPassedDateAndMidnight
FNDA:22,lastMonth
FNDA:22,getPreviousMonthDate
DA:2,6
DA:6,77
DA:7,77
DA:8,77
DA:15,22
DA:19,22
DA:20,22
DA:24,13
DA:25,13
LF:9
LH:9
BRDA:20,0,0,0
BRDA:20,0,1,22
BRF:2
BRH:1
end_of_record
TN:
SF:src\utils\makeSearchQuery.js
FN:11,(anonymous_0)
FN:22,(anonymous_1)
FN:30,(anonymous_2)
FNF:3
FNH:3
FNDA:5,(anonymous_0)
FNDA:31,(anonymous_1)
FNDA:1,(anonymous_2)
DA:1,13
DA:2,13
DA:3,13
DA:4,13
DA:11,13
DA:13,5
DA:22,13
DA:23,31
DA:24,31
DA:25,27
DA:26,27
DA:27,24
DA:30,31
DA:31,1
DA:34,31
DA:37,13
LF:16
LH:16
BRDA:24,0,0,27
BRDA:24,0,1,4
BRDA:26,1,0,24
BRDA:26,1,1,3
BRDA:26,2,0,27
BRDA:26,2,1,27
BRDA:31,3,0,0
BRDA:31,3,1,1
BRF:8
BRH:7
end_of_record
TN:
SF:src\utils\pick.js
FN:7,(anonymous_0)
FN:8,(anonymous_1)
FNF:2
FNH:2
FNDA:327,(anonymous_0)
FNDA:795,(anonymous_1)
DA:7,13
DA:8,327
DA:9,795
DA:11,364
DA:13,795
DA:17,13
LF:6
LH:6
BRDA:9,0,0,364
BRDA:9,0,1,431
BRDA:9,1,0,795
BRDA:9,1,1,795
BRF:4
BRH:4
end_of_record
TN:
SF:src\utils\tokenCronService.js
FN:5,(anonymous_0)
FN:8,(anonymous_1)
FN:10,(anonymous_2)
FN:12,(anonymous_3)
FNF:4
FNH:2
FNDA:13,(anonymous_0)
FNDA:5,(anonymous_1)
FNDA:0,(anonymous_2)
FNDA:0,(anonymous_3)
DA:1,13
DA:2,13
DA:3,13
DA:5,13
DA:8,13
DA:9,5
DA:10,5
DA:11,0
DA:12,0
DA:13,0
DA:15,0
DA:16,0
DA:17,0
DA:23,13
LF:14
LH:8
BRDA:16,0,0,0
BRDA:16,0,1,0
BRF:2
BRH:0
end_of_record
TN:
SF:src\validations\auth.validation.js
FNF:0
FNH:0
DA:1,13
DA:2,13
DA:4,13
DA:19,13
DA:35,13
DA:45,13
DA:51,13
DA:57,13
DA:64,13
DA:73,13
DA:83,13
DA:89,13
DA:95,13
LF:13
LH:13
BRF:0
BRH:0
end_of_record
TN:
SF:src\validations\candidate.validation.js
FNF:0
FNH:0
DA:1,13
DA:2,13
DA:4,13
DA:11,13
DA:17,13
LF:5
LH:5
BRF:0
BRH:0
end_of_record
TN:
SF:src\validations\custom.validation.js
FN:1,(anonymous_0)
FN:8,(anonymous_1)
FN:17,(anonymous_2)
FNF:3
FNH:3
FNDA:67,(anonymous_0)
FNDA:26,(anonymous_1)
FNDA:21,(anonymous_2)
DA:1,15
DA:2,67
DA:3,10
DA:5,57
DA:8,15
DA:9,26
DA:10,5
DA:12,21
DA:13,7
DA:15,14
DA:17,15
DA:18,21
DA:19,1
DA:21,20
DA:24,15
LF:15
LH:15
BRDA:2,0,0,10
BRDA:2,0,1,57
BRDA:9,1,0,5
BRDA:9,1,1,21
BRDA:12,2,0,7
BRDA:12,2,1,14
BRDA:12,3,0,21
BRDA:12,3,1,17
BRDA:18,4,0,1
BRDA:18,4,1,20
BRF:10
BRH:10
end_of_record
TN:
SF:src\validations\employerData.validation.js
FNF:0
FNH:0
DA:1,13
DA:2,13
DA:3,13
DA:5,13
DA:22,13
LF:5
LH:5
BRF:0
BRH:0
end_of_record
TN:
SF:src\validations\index.js
FNF:0
FNH:0
DA:1,13
DA:2,13
DA:3,13
DA:4,13
DA:5,13
DA:6,13
DA:7,13
DA:8,13
DA:9,13
DA:10,13
DA:11,13
DA:12,13
DA:13,13
DA:14,13
LF:14
LH:14
BRF:0
BRH:0
end_of_record
TN:
SF:src\validations\interviewSchedule.validation.js
FNF:0
FNH:0
DA:1,13
DA:2,13
DA:3,13
DA:5,13
DA:25,13
DA:32,13
DA:38,13
DA:45,13
DA:51,13
DA:57,13
LF:10
LH:10
BRF:0
BRH:0
end_of_record
TN:
SF:src\validations\jobApplicant.validation.js
FN:29,(anonymous_0)
FN:58,(anonymous_1)
FNF:2
FNH:2
FNDA:169,(anonymous_0)
FNDA:169,(anonymous_1)
DA:1,13
DA:2,13
DA:3,13
DA:5,13
DA:11,13
DA:18,13
DA:23,13
DA:29,169
DA:32,13
DA:43,13
DA:54,13
DA:58,169
DA:64,13
LF:13
LH:13
BRDA:58,0,0,169
BRDA:58,0,1,156
BRDA:58,0,2,143
BRDA:58,0,3,130
BRF:4
BRH:4
end_of_record
TN:
SF:src\validations\jobOpening.validation.js
FNF:0
FNH:0
DA:1,13
DA:2,13
DA:3,13
DA:5,13
DA:28,13
DA:55,13
DA:61,13
DA:92,13
DA:98,13
DA:117,13
LF:10
LH:10
BRF:0
BRH:0
end_of_record
TN:
SF:src\validations\jobRole.validation.js
FNF:0
FNH:0
DA:1,13
DA:2,13
DA:4,13
DA:11,13
DA:21,13
DA:26,13
DA:32,13
DA:44,13
DA:49,13
LF:9
LH:9
BRF:0
BRH:0
end_of_record
TN:
SF:src\validations\menuAccess.validation.js
FNF:0
FNH:0
DA:1,13
DA:2,13
DA:4,13
DA:11,13
DA:18,13
DA:24,13
LF:6
LH:6
BRF:0
BRH:0
end_of_record
TN:
SF:src\validations\notification.validation.js
FNF:0
FNH:0
DA:1,13
DA:3,13
DA:14,13
LF:3
LH:3
BRF:0
BRH:0
end_of_record
TN:
SF:src\validations\organization.validation.js
FNF:0
FNH:0
DA:1,13
DA:2,13
DA:4,13
DA:11,13
DA:20,13
DA:25,13
DA:31,13
DA:43,13
DA:48,13
LF:9
LH:9
BRF:0
BRH:0
end_of_record
TN:
SF:src\validations\pricingplan.validation.js
FNF:0
FNH:0
DA:1,13
DA:2,13
DA:4,13
DA:11,13
LF:4
LH:4
BRF:0
BRH:0
end_of_record
TN:
SF:src\validations\resumes.validation.js
FNF:0
FNH:0
DA:1,13
DA:2,13
DA:3,13
DA:5,13
DA:40,13
DA:80,13
DA:143,13
DA:149,13
DA:189,13
DA:225,13
DA:231,13
DA:240,13
DA:247,13
DA:278,13
DA:283,13
LF:15
LH:15
BRF:0
BRH:0
end_of_record
TN:
SF:src\validations\systemRoles.validation.js
FNF:0
FNH:0
DA:1,13
DA:2,13
DA:4,13
DA:11,13
DA:20,13
DA:25,13
DA:31,13
DA:43,13
DA:48,13
LF:9
LH:9
BRF:0
BRH:0
end_of_record
TN:
SF:src\validations\user.validation.js
FNF:0
FNH:0
DA:1,13
DA:2,13
DA:4,13
DA:17,13
DA:28,13
DA:43,13
DA:55,13
DA:67,13
DA:73,13
DA:89,13
DA:103,13
DA:109,13
LF:12
LH:12
BRF:0
BRH:0
end_of_record
